#
# There is insufficient memory for the Java Runtime Environment to continue.
# Native memory allocation (malloc) failed to allocate 32744 bytes for ChunkPool::allocate
# Possible reasons:
#   The system is out of physical RAM or swap space
#   The process is running with CompressedOops enabled, and the Java Heap may be blocking the growth of the native heap
# Possible solutions:
#   Reduce memory load on the system
#   Increase physical memory or swap space
#   Check if swap backing store is full
#   Decrease Java heap size (-Xmx/-Xms)
#   Decrease number of Java threads
#   Decrease Java thread stack sizes (-Xss)
#   Set larger code cache with -XX:ReservedCodeCacheSize=
#   JVM is running with Zero Based Compressed Oops mode in which the Java heap is
#     placed in the first 32GB address space. The Java Heap base address is the
#     maximum limit for the native heap growth. Please use -XX:HeapBaseMinAddress
#     to set the Java Heap base and to place the Java Heap above 32GB virtual address.
# This output file may be truncated or incomplete.
#
#  Out of Memory Error (allocation.cpp:272), pid=10364, tid=0x0000000000007ff4
#
# JRE version: Java(TM) SE Runtime Environment (8.0_301-b09) (build 1.8.0_301-b09)
# Java VM: Java HotSpot(TM) 64-Bit Server VM (25.301-b09 mixed mode windows-amd64 compressed oops)
# Failed to write core dump. Minidumps are not enabled by default on client versions of Windows
#

---------------  T H R E A D  ---------------

Current thread (0x000002c1f8f69000):  JavaThread "C2 CompilerThread4" daemon [_thread_in_native, id=32756, stack(0x000000e719200000,0x000000e719300000)]

Stack: [0x000000e719200000,0x000000e719300000]
Native frames: (J=compiled Java code, j=interpreted, Vv=VM code, C=native code)
V  [jvm.dll+0x32ed79]


Current CompileTask:
C2: 171143 6017       4       org.labrad.PacketCodec::decode (449 bytes)


---------------  P R O C E S S  ---------------

Java Threads: ( => current thread )
  0x000002c1f95a3000 JavaThread "LabradManagerLogin-0-6" [_thread_in_native, id=7196, stack(0x000000e71b900000,0x000000e71ba00000)]
  0x000002c1f9599000 JavaThread "LabradManagerWorker-0-6" [_thread_in_native, id=7216, stack(0x000000e71b800000,0x000000e71b900000)]
  0x000002c1f95a0000 JavaThread "ForkJoinPool-1-worker-25" daemon [_thread_blocked, id=10156, stack(0x000000e71b700000,0x000000e71b800000)]
  0x000002c1f959f800 JavaThread "ForkJoinPool-1-worker-19" daemon [_thread_blocked, id=35008, stack(0x000000e71b600000,0x000000e71b700000)]
  0x000002c1f959e800 JavaThread "ForkJoinPool-1-worker-5" daemon [_thread_blocked, id=33328, stack(0x000000e71b500000,0x000000e71b600000)]
  0x000002c1f9597000 JavaThread "ForkJoinPool-1-worker-1" daemon [_thread_blocked, id=27916, stack(0x000000e71b400000,0x000000e71b500000)]
  0x000002c1f959d800 JavaThread "ForkJoinPool-1-worker-27" daemon [_thread_blocked, id=41964, stack(0x000000e71b300000,0x000000e71b400000)]
  0x000002c1f9596000 JavaThread "ForkJoinPool-1-worker-15" daemon [_thread_blocked, id=2308, stack(0x000000e71b200000,0x000000e71b300000)]
  0x000002c1f959d000 JavaThread "LabradManagerLogin-0-5" [_thread_in_native, id=2640, stack(0x000000e71b100000,0x000000e71b200000)]
  0x000002c1f959b800 JavaThread "LabradManagerWorker-0-5" [_thread_in_native, id=33928, stack(0x000000e71b000000,0x000000e71b100000)]
  0x000002c1f959c000 JavaThread "ForkJoinPool-1-worker-23" daemon [_thread_blocked, id=39052, stack(0x000000e71af00000,0x000000e71b000000)]
  0x000002c1f959a800 JavaThread "ForkJoinPool-1-worker-9" daemon [_thread_blocked, id=40904, stack(0x000000e71ae00000,0x000000e71af00000)]
  0x000002c1f9597800 JavaThread "LabradManagerLogin-0-4" [_thread_in_native, id=18616, stack(0x000000e71ac00000,0x000000e71ad00000)]
  0x000002c1f959a000 JavaThread "LabradManagerWorker-0-4" [_thread_in_native, id=25884, stack(0x000000e71ab00000,0x000000e71ac00000)]
  0x000002c1f8fd8800 JavaThread "LabradManagerLogin-0-3" [_thread_in_native, id=3312, stack(0x000000e71aa00000,0x000000e71ab00000)]
  0x000002c1f8fd8000 JavaThread "LabradManagerWorker-0-3" [_thread_in_native, id=23832, stack(0x000000e71a900000,0x000000e71aa00000)]
  0x000002c1f8fd7000 JavaThread "LabradManagerLogin-0-2" [_thread_in_native, id=15720, stack(0x000000e71a800000,0x000000e71a900000)]
  0x000002c1f8fd5800 JavaThread "LabradManagerWorker-0-2" [_thread_in_native, id=42912, stack(0x000000e71a700000,0x000000e71a800000)]
  0x000002c1f8fd5000 JavaThread "LabradManagerLogin-0-1" [_thread_in_native, id=18848, stack(0x000000e71a600000,0x000000e71a700000)]
  0x000002c1fcd97000 JavaThread "LabradManagerWorker-0-1" [_thread_in_native, id=40344, stack(0x000000e71a500000,0x000000e71a600000)]
  0x000002c1fd924000 JavaThread "ForkJoinPool-1-worker-21" daemon [_thread_blocked, id=13924, stack(0x000000e71a400000,0x000000e71a500000)]
  0x000002c1fd921800 JavaThread "ForkJoinPool-1-worker-7" daemon [_thread_blocked, id=36536, stack(0x000000e71a300000,0x000000e71a400000)]
  0x000002c1fdb99800 JavaThread "ForkJoinPool-1-worker-11" daemon [_thread_blocked, id=21268, stack(0x000000e71a100000,0x000000e71a200000)]
  0x000002c1fd7c5800 JavaThread "ForkJoinPool-1-worker-29" daemon [_thread_blocked, id=38688, stack(0x000000e71a000000,0x000000e71a100000)]
  0x000002c1f96ce800 JavaThread "threadDeathWatcher-2-1" daemon [_thread_blocked, id=10816, stack(0x000000e719f00000,0x000000e71a000000)]
  0x000002c1f96cb800 JavaThread "LabradManagerLogin-0-0" [_thread_in_native, id=22072, stack(0x000000e719e00000,0x000000e719f00000)]
  0x000002c1ff370800 JavaThread "LabradManagerWorker-0-0" [_thread_in_native, id=9868, stack(0x000000e719d00000,0x000000e719e00000)]
  0x000002c1e1e47000 JavaThread "DestroyJavaVM" [_thread_blocked, id=29000, stack(0x000000e717b00000,0x000000e717c00000)]
  0x000002c1feaff000 JavaThread "LabradManagerBoss-0-0" [_thread_in_native, id=33440, stack(0x000000e719c00000,0x000000e719d00000)]
  0x000002c1f9048800 JavaThread "Service Thread" daemon [_thread_blocked, id=27556, stack(0x000000e719a00000,0x000000e719b00000)]
  0x000002c1f8fda000 JavaThread "C1 CompilerThread11" daemon [_thread_blocked, id=23172, stack(0x000000e719900000,0x000000e719a00000)]
  0x000002c1f8fd9800 JavaThread "C1 CompilerThread10" daemon [_thread_blocked, id=10680, stack(0x000000e719800000,0x000000e719900000)]
  0x000002c1f8fdb000 JavaThread "C1 CompilerThread9" daemon [_thread_blocked, id=39516, stack(0x000000e719700000,0x000000e719800000)]
  0x000002c1f8fbb000 JavaThread "C1 CompilerThread8" daemon [_thread_blocked, id=25876, stack(0x000000e719600000,0x000000e719700000)]
  0x000002c1f8faa000 JavaThread "C2 CompilerThread7" daemon [_thread_blocked, id=26280, stack(0x000000e719500000,0x000000e719600000)]
  0x000002c1f8f79800 JavaThread "C2 CompilerThread6" daemon [_thread_blocked, id=7920, stack(0x000000e719400000,0x000000e719500000)]
  0x000002c1f8f79000 JavaThread "C2 CompilerThread5" daemon [_thread_blocked, id=16860, stack(0x000000e719300000,0x000000e719400000)]
=>0x000002c1f8f69000 JavaThread "C2 CompilerThread4" daemon [_thread_in_native, id=32756, stack(0x000000e719200000,0x000000e719300000)]
  0x000002c1f626e800 JavaThread "C2 CompilerThread3" daemon [_thread_blocked, id=38868, stack(0x000000e719100000,0x000000e719200000)]
  0x000002c1f626d800 JavaThread "C2 CompilerThread2" daemon [_thread_blocked, id=22224, stack(0x000000e719000000,0x000000e719100000)]
  0x000002c1f8f5c000 JavaThread "C2 CompilerThread1" daemon [_thread_blocked, id=19492, stack(0x000000e718f00000,0x000000e719000000)]
  0x000002c1f8f59800 JavaThread "C2 CompilerThread0" daemon [_thread_blocked, id=10012, stack(0x000000e718e00000,0x000000e718f00000)]
  0x000002c1f8f57800 JavaThread "Attach Listener" daemon [_thread_blocked, id=33020, stack(0x000000e718d00000,0x000000e718e00000)]
  0x000002c1f8f52800 JavaThread "Signal Dispatcher" daemon [_thread_blocked, id=30744, stack(0x000000e718c00000,0x000000e718d00000)]
  0x000002c1f8f50800 JavaThread "Finalizer" daemon [_thread_blocked, id=25892, stack(0x000000e718b00000,0x000000e718c00000)]
  0x000002c1f6246800 JavaThread "Reference Handler" daemon [_thread_blocked, id=28528, stack(0x000000e718a00000,0x000000e718b00000)]

Other Threads:
  0x000002c1f623f000 VMThread [stack: 0x000000e718900000,0x000000e718a00000] [id=26080]
  0x000002c1f9085000 WatcherThread [stack: 0x000000e719b00000,0x000000e719c00000] [id=34184]

VM state:not at safepoint (normal execution)

VM Mutex/Monitor currently owned by a thread: None

heap address: 0x00000005c1400000, size: 8172 MB, Compressed Oops mode: Zero based, Oop shift amount: 3
Narrow klass base: 0x0000000000000000, Narrow klass shift: 3
Compressed class space size: 1073741824 Address: 0x00000007c0000000

Heap:
 PSYoungGen      total 153088K, used 86197K [0x0000000715c00000, 0x0000000722900000, 0x00000007c0000000)
  eden space 131584K, 50% used [0x0000000715c00000,0x0000000719cd1b88,0x000000071dc80000)
  from space 21504K, 92% used [0x000000071dc80000,0x000000071efdb960,0x000000071f180000)
  to   space 21504K, 0% used [0x0000000721400000,0x0000000721400000,0x0000000722900000)
 ParOldGen       total 434688K, used 106016K [0x00000005c1400000, 0x00000005dbc80000, 0x0000000715c00000)
  object space 434688K, 24% used [0x00000005c1400000,0x00000005c7b880a8,0x00000005dbc80000)
 Metaspace       used 36535K, capacity 36830K, committed 37248K, reserved 1081344K
  class space    used 5357K, capacity 5461K, committed 5504K, reserved 1048576K

Card table byte_map: [0x000002c1f2cc0000,0x000002c1f3cc0000] byte_map_base: 0x000002c1efeb6000

Marking Bits: (ParMarkBitMap*) 0x0000000053837fe0
 Begin Bits: [0x000002c180000000, 0x000002c187fb0000)
 End Bits:   [0x000002c187fb0000, 0x000002c18ff60000)

Polling page: 0x000002c1e2050000

CodeCache: size=245760Kb used=16523Kb max_used=16958Kb free=229236Kb
 bounds [0x000002c1e3900000, 0x000002c1e49f0000, 0x000002c1f2900000]
 total_blobs=5728 nmethods=5249 adapters=385
 compilation: enabled

Compilation events (10 events):
Event: 163.380 Thread 0x000002c1f8fda000 nmethod 6012 0x000002c1e4634a90 code [0x000002c1e4634c00, 0x000002c1e4634e30]
Event: 166.628 Thread 0x000002c1f8fd9800 6013       1       io.netty.util.Recycler$DefaultHandle::access$1402 (7 bytes)
Event: 166.628 Thread 0x000002c1f8fd9800 nmethod 6013 0x000002c1e4108090 code [0x000002c1e41081e0, 0x000002c1e41082d8]
Event: 169.924 Thread 0x000002c1f626d800 6014       4       scala.concurrent.forkjoin.ForkJoinPool$WorkQueue::poll (118 bytes)
Event: 169.926 Thread 0x000002c1f626d800 nmethod 6014 0x000002c1e469d6d0 code [0x000002c1e469d820, 0x000002c1e469d968]
Event: 171.119 Thread 0x000002c1f8fbb000 6015       1       scala.collection.LinearSeqLike$class::$init$ (1 bytes)
Event: 171.119 Thread 0x000002c1f8fbb000 nmethod 6015 0x000002c1e4629d50 code [0x000002c1e4629ea0, 0x000002c1e4629f98]
Event: 171.123 Thread 0x000002c1f8fdb000 6016       1       scala.collection.LinearSeq$class::$init$ (1 bytes)
Event: 171.123 Thread 0x000002c1f8fdb000 nmethod 6016 0x000002c1e46299d0 code [0x000002c1e4629b20, 0x000002c1e4629c18]
Event: 171.125 Thread 0x000002c1f8f69000 6017       4       org.labrad.PacketCodec::decode (449 bytes)

GC Heap History (10 events):
Event: 1.059 GC heap before
{Heap before GC invocations=1 (full 0):
 PSYoungGen      total 153088K, used 99380K [0x0000000715c00000, 0x0000000720680000, 0x00000007c0000000)
  eden space 131584K, 75% used [0x0000000715c00000,0x000000071bd0d2c8,0x000000071dc80000)
  from space 21504K, 0% used [0x000000071f180000,0x000000071f180000,0x0000000720680000)
  to   space 21504K, 0% used [0x000000071dc80000,0x000000071dc80000,0x000000071f180000)
 ParOldGen       total 349696K, used 0K [0x00000005c1400000, 0x00000005d6980000, 0x0000000715c00000)
  object space 349696K, 0% used [0x00000005c1400000,0x00000005c1400000,0x00000005d6980000)
 Metaspace       used 20841K, capacity 21034K, committed 21248K, reserved 1067008K
  class space    used 2871K, capacity 2953K, committed 3072K, reserved 1048576K
Event: 1.067 GC heap after
Heap after GC invocations=1 (full 0):
 PSYoungGen      total 153088K, used 18267K [0x0000000715c00000, 0x0000000720680000, 0x00000007c0000000)
  eden space 131584K, 0% used [0x0000000715c00000,0x0000000715c00000,0x000000071dc80000)
  from space 21504K, 84% used [0x000000071dc80000,0x000000071ee56e28,0x000000071f180000)
  to   space 21504K, 0% used [0x000000071f180000,0x000000071f180000,0x0000000720680000)
 ParOldGen       total 349696K, used 24K [0x00000005c1400000, 0x00000005d6980000, 0x0000000715c00000)
  object space 349696K, 0% used [0x00000005c1400000,0x00000005c1406000,0x00000005d6980000)
 Metaspace       used 20841K, capacity 21034K, committed 21248K, reserved 1067008K
  class space    used 2871K, capacity 2953K, committed 3072K, reserved 1048576K
}
Event: 1.067 GC heap before
{Heap before GC invocations=2 (full 1):
 PSYoungGen      total 153088K, used 18267K [0x0000000715c00000, 0x0000000720680000, 0x00000007c0000000)
  eden space 131584K, 0% used [0x0000000715c00000,0x0000000715c00000,0x000000071dc80000)
  from space 21504K, 84% used [0x000000071dc80000,0x000000071ee56e28,0x000000071f180000)
  to   space 21504K, 0% used [0x000000071f180000,0x000000071f180000,0x0000000720680000)
 ParOldGen       total 349696K, used 24K [0x00000005c1400000, 0x00000005d6980000, 0x0000000715c00000)
  object space 349696K, 0% used [0x00000005c1400000,0x00000005c1406000,0x00000005d6980000)
 Metaspace       used 20841K, capacity 21034K, committed 21248K, reserved 1067008K
  class space    used 2871K, capacity 2953K, committed 3072K, reserved 1048576K
Event: 1.088 GC heap after
Heap after GC invocations=2 (full 1):
 PSYoungGen      total 153088K, used 0K [0x0000000715c00000, 0x0000000720680000, 0x00000007c0000000)
  eden space 131584K, 0% used [0x0000000715c00000,0x0000000715c00000,0x000000071dc80000)
  from space 21504K, 0% used [0x000000071dc80000,0x000000071dc80000,0x000000071f180000)
  to   space 21504K, 0% used [0x000000071f180000,0x000000071f180000,0x0000000720680000)
 ParOldGen       total 241152K, used 17415K [0x00000005c1400000, 0x00000005cff80000, 0x0000000715c00000)
  object space 241152K, 7% used [0x00000005c1400000,0x00000005c2501f90,0x00000005cff80000)
 Metaspace       used 20841K, capacity 21034K, committed 21248K, reserved 1067008K
  class space    used 2871K, capacity 2953K, committed 3072K, reserved 1048576K
}
Event: 7.719 GC heap before
{Heap before GC invocations=3 (full 1):
 PSYoungGen      total 153088K, used 124624K [0x0000000715c00000, 0x0000000720680000, 0x00000007c0000000)
  eden space 131584K, 94% used [0x0000000715c00000,0x000000071d5b40b8,0x000000071dc80000)
  from space 21504K, 0% used [0x000000071dc80000,0x000000071dc80000,0x000000071f180000)
  to   space 21504K, 0% used [0x000000071f180000,0x000000071f180000,0x0000000720680000)
 ParOldGen       total 241152K, used 17415K [0x00000005c1400000, 0x00000005cff80000, 0x0000000715c00000)
  object space 241152K, 7% used [0x00000005c1400000,0x00000005c2501f90,0x00000005cff80000)
 Metaspace       used 34909K, capacity 35136K, committed 35416K, reserved 1079296K
  class space    used 5170K, capacity 5264K, committed 5376K, reserved 1048576K
Event: 7.733 GC heap after
Heap after GC invocations=3 (full 1):
 PSYoungGen      total 153088K, used 21498K [0x0000000715c00000, 0x0000000722280000, 0x00000007c0000000)
  eden space 131584K, 0% used [0x0000000715c00000,0x0000000715c00000,0x000000071dc80000)
  from space 21504K, 99% used [0x000000071f180000,0x000000072067ea98,0x0000000720680000)
  to   space 21504K, 0% used [0x000000071dc80000,0x000000071dc80000,0x000000071f180000)
 ParOldGen       total 241152K, used 28736K [0x00000005c1400000, 0x00000005cff80000, 0x0000000715c00000)
  object space 241152K, 11% used [0x00000005c1400000,0x00000005c3010248,0x00000005cff80000)
 Metaspace       used 34909K, capacity 35136K, committed 35416K, reserved 1079296K
  class space    used 5170K, capacity 5264K, committed 5376K, reserved 1048576K
}
Event: 7.733 GC heap before
{Heap before GC invocations=4 (full 2):
 PSYoungGen      total 153088K, used 21498K [0x0000000715c00000, 0x0000000722280000, 0x00000007c0000000)
  eden space 131584K, 0% used [0x0000000715c00000,0x0000000715c00000,0x000000071dc80000)
  from space 21504K, 99% used [0x000000071f180000,0x000000072067ea98,0x0000000720680000)
  to   space 21504K, 0% used [0x000000071dc80000,0x000000071dc80000,0x000000071f180000)
 ParOldGen       total 241152K, used 28736K [0x00000005c1400000, 0x00000005cff80000, 0x0000000715c00000)
  object space 241152K, 11% used [0x00000005c1400000,0x00000005c3010248,0x00000005cff80000)
 Metaspace       used 34909K, capacity 35136K, committed 35416K, reserved 1079296K
  class space    used 5170K, capacity 5264K, committed 5376K, reserved 1048576K
Event: 7.768 GC heap after
Heap after GC invocations=4 (full 2):
 PSYoungGen      total 153088K, used 0K [0x0000000715c00000, 0x0000000722280000, 0x00000007c0000000)
  eden space 131584K, 0% used [0x0000000715c00000,0x0000000715c00000,0x000000071dc80000)
  from space 21504K, 0% used [0x000000071f180000,0x000000071f180000,0x0000000720680000)
  to   space 21504K, 0% used [0x000000071dc80000,0x000000071dc80000,0x000000071f180000)
 ParOldGen       total 434688K, used 40472K [0x00000005c1400000, 0x00000005dbc80000, 0x0000000715c00000)
  object space 434688K, 9% used [0x00000005c1400000,0x00000005c3b86068,0x00000005dbc80000)
 Metaspace       used 34909K, capacity 35136K, committed 35416K, reserved 1079296K
  class space    used 5170K, capacity 5264K, committed 5376K, reserved 1048576K
}
Event: 12.118 GC heap before
{Heap before GC invocations=5 (full 2):
 PSYoungGen      total 153088K, used 128488K [0x0000000715c00000, 0x0000000722280000, 0x00000007c0000000)
  eden space 131584K, 97% used [0x0000000715c00000,0x000000071d97a128,0x000000071dc80000)
  from space 21504K, 0% used [0x000000071f180000,0x000000071f180000,0x0000000720680000)
  to   space 21504K, 0% used [0x000000071dc80000,0x000000071dc80000,0x000000071f180000)
 ParOldGen       total 434688K, used 40472K [0x00000005c1400000, 0x00000005dbc80000, 0x0000000715c00000)
  object space 434688K, 9% used [0x00000005c1400000,0x00000005c3b86068,0x00000005dbc80000)
 Metaspace       used 36293K, capacity 36574K, committed 36992K, reserved 1081344K
  class space    used 5351K, capacity 5461K, committed 5504K, reserved 1048576K
Event: 12.130 GC heap after
Heap after GC invocations=5 (full 2):
 PSYoungGen      total 153088K, used 19822K [0x0000000715c00000, 0x0000000722900000, 0x00000007c0000000)
  eden space 131584K, 0% used [0x0000000715c00000,0x0000000715c00000,0x000000071dc80000)
  from space 21504K, 92% used [0x000000071dc80000,0x000000071efdb960,0x000000071f180000)
  to   space 21504K, 0% used [0x0000000721400000,0x0000000721400000,0x0000000722900000)
 ParOldGen       total 434688K, used 106016K [0x00000005c1400000, 0x00000005dbc80000, 0x0000000715c00000)
  object space 434688K, 24% used [0x00000005c1400000,0x00000005c7b880a8,0x00000005dbc80000)
 Metaspace       used 36293K, capacity 36574K, committed 36992K, reserved 1081344K
  class space    used 5351K, capacity 5461K, committed 5504K, reserved 1048576K
}

Deoptimization events (10 events):
Event: 18.336 Thread 0x000002c1f9597000 Uncommon trap: reason=unstable_if action=reinterpret pc=0x000002c1e3c9eb08 method=scala.concurrent.forkjoin.ForkJoinPool.scan(Lscala/concurrent/forkjoin/ForkJoinPool$WorkQueue;)Lscala/concurrent/forkjoin/ForkJoinTask; @ 483
Event: 30.847 Thread 0x000002c1f959d800 Uncommon trap: reason=unstable_if action=reinterpret pc=0x000002c1e43fc5bc method=scala.concurrent.forkjoin.ForkJoinPool.scan(Lscala/concurrent/forkjoin/ForkJoinPool$WorkQueue;)Lscala/concurrent/forkjoin/ForkJoinTask; @ 427
Event: 72.724 Thread 0x000002c1f8fd5800 Uncommon trap: reason=class_check action=maybe_recompile pc=0x000002c1e417f25c method=io.netty.channel.nio.AbstractNioByteChannel$NioByteUnsafe.read()V @ 81
Event: 72.732 Thread 0x000002c1f95a3000 Uncommon trap: reason=unstable_if action=reinterpret pc=0x000002c1e44b42fc method=io.netty.channel.nio.NioEventLoop.select(Z)V @ 186
Event: 86.132 Thread 0x000002c1fdb99800 Uncommon trap: reason=unstable_if action=reinterpret pc=0x000002c1e43f6958 method=scala.concurrent.forkjoin.ForkJoinPool.scan(Lscala/concurrent/forkjoin/ForkJoinPool$WorkQueue;)Lscala/concurrent/forkjoin/ForkJoinTask; @ 517
Event: 87.336 Thread 0x000002c1f959d800 Uncommon trap: reason=unstable_if action=reinterpret pc=0x000002c1e3e51cf0 method=scala.concurrent.forkjoin.ForkJoinPool.scan(Lscala/concurrent/forkjoin/ForkJoinPool$WorkQueue;)Lscala/concurrent/forkjoin/ForkJoinTask; @ 312
Event: 150.380 Thread 0x000002c1f8fd5800 Uncommon trap: reason=unstable_if action=reinterpret pc=0x000002c1e40ec9ac method=io.netty.buffer.PoolThreadCache.allocate(Lio/netty/buffer/PoolThreadCache$MemoryRegionCache;Lio/netty/buffer/PooledByteBuf;I)Z @ 29
Event: 150.783 Thread 0x000002c1f8fd5800 Uncommon trap: reason=unstable_if action=reinterpret pc=0x000002c1e417f038 method=io.netty.buffer.PoolArena.allocate(Lio/netty/buffer/PoolThreadCache;Lio/netty/buffer/PooledByteBuf;I)V @ 107
Event: 150.784 Thread 0x000002c1f8fd5800 Uncommon trap: reason=unstable_if action=reinterpret pc=0x000002c1e49ab848 method=io.netty.buffer.PoolArena.allocate(Lio/netty/buffer/PoolThreadCache;Lio/netty/buffer/PooledByteBuf;I)V @ 107
Event: 150.789 Thread 0x000002c1f8fd5800 Uncommon trap: reason=unstable_if action=reinterpret pc=0x000002c1e4450360 method=io.netty.buffer.PoolArena.allocate(Lio/netty/buffer/PoolThreadCache;Lio/netty/buffer/PooledByteBuf;I)V @ 107

Classes redefined (0 events):
No events

Internal exceptions (10 events):
Event: 1.663 Thread 0x000002c1e1e47000 Exception <a 'java/lang/ClassNotFoundException': java/util/stream> (0x000000071a4cc0e8) thrown at [C:\jenkins\workspace\8-2-build-windows-amd64-cygwin\jdk8u301\1513\hotspot\src\share\vm\classfile\systemDictionary.cpp, line 212]
Event: 1.663 Thread 0x000002c1e1e47000 Exception <a 'java/lang/ClassNotFoundException': java/util/stream/package> (0x000000071a4cda98) thrown at [C:\jenkins\workspace\8-2-build-windows-amd64-cygwin\jdk8u301\1513\hotspot\src\share\vm\classfile\systemDictionary.cpp, line 212]
Event: 1.663 Thread 0x000002c1e1e47000 Exception <a 'java/lang/ClassNotFoundException': scala/reflect/ScalaSignature> (0x000000071a4cfdc0) thrown at [C:\jenkins\workspace\8-2-build-windows-amd64-cygwin\jdk8u301\1513\hotspot\src\share\vm\classfile\systemDictionary.cpp, line 212]
Event: 1.663 Thread 0x000002c1e1e47000 Exception <a 'java/lang/ClassNotFoundException': scala/reflect/ScalaLongSignature> (0x000000071a4d0638) thrown at [C:\jenkins\workspace\8-2-build-windows-amd64-cygwin\jdk8u301\1513\hotspot\src\share\vm\classfile\systemDictionary.cpp, line 212]
Event: 1.664 Thread 0x000002c1e1e47000 Exception <a 'java/lang/ClassNotFoundException': scala/reflect/ScalaSignature> (0x000000071a4d5b40) thrown at [C:\jenkins\workspace\8-2-build-windows-amd64-cygwin\jdk8u301\1513\hotspot\src\share\vm\classfile\systemDictionary.cpp, line 212]
Event: 1.664 Thread 0x000002c1e1e47000 Exception <a 'java/lang/ClassNotFoundException': scala/reflect/ScalaLongSignature> (0x000000071a4d63b8) thrown at [C:\jenkins\workspace\8-2-build-windows-amd64-cygwin\jdk8u301\1513\hotspot\src\share\vm\classfile\systemDictionary.cpp, line 212]
Event: 1.665 Thread 0x000002c1e1e47000 Exception <a 'java/lang/ClassNotFoundException': java/util/function> (0x000000071a4e4238) thrown at [C:\jenkins\workspace\8-2-build-windows-amd64-cygwin\jdk8u301\1513\hotspot\src\share\vm\classfile\systemDictionary.cpp, line 212]
Event: 1.665 Thread 0x000002c1e1e47000 Exception <a 'java/lang/ClassNotFoundException': java/util/function/package> (0x000000071a4e5f20) thrown at [C:\jenkins\workspace\8-2-build-windows-amd64-cygwin\jdk8u301\1513\hotspot\src\share\vm\classfile\systemDictionary.cpp, line 212]
Event: 1.668 Thread 0x000002c1e1e47000 Exception <a 'java/lang/ClassNotFoundException': scala/reflect/ScalaSignature> (0x000000071a5261d0) thrown at [C:\jenkins\workspace\8-2-build-windows-amd64-cygwin\jdk8u301\1513\hotspot\src\share\vm\classfile\systemDictionary.cpp, line 212]
Event: 1.668 Thread 0x000002c1e1e47000 Exception <a 'java/lang/ClassNotFoundException': scala/reflect/ScalaLongSignature> (0x000000071a526678) thrown at [C:\jenkins\workspace\8-2-build-windows-amd64-cygwin\jdk8u301\1513\hotspot\src\share\vm\classfile\systemDictionary.cpp, line 212]

Events (10 events):
Event: 150.380 Thread 0x000002c1f8fd5800 DEOPT UNPACKING pc=0x000002c1e3945843 sp=0x000000e71a7feb28 mode 2
Event: 150.783 Thread 0x000002c1f8fd5800 Uncommon trap: trap_request=0xffffff65 fr.pc=0x000002c1e417f038
Event: 150.783 Thread 0x000002c1f8fd5800 DEOPT PACKING pc=0x000002c1e417f038 sp=0x000000e71a7ff010
Event: 150.783 Thread 0x000002c1f8fd5800 DEOPT UNPACKING pc=0x000002c1e3945843 sp=0x000000e71a7febc8 mode 2
Event: 150.784 Thread 0x000002c1f8fd5800 Uncommon trap: trap_request=0xffffff65 fr.pc=0x000002c1e49ab848
Event: 150.784 Thread 0x000002c1f8fd5800 DEOPT PACKING pc=0x000002c1e49ab848 sp=0x000000e71a7fef80
Event: 150.784 Thread 0x000002c1f8fd5800 DEOPT UNPACKING pc=0x000002c1e3945843 sp=0x000000e71a7febc8 mode 2
Event: 150.789 Thread 0x000002c1f8fd5800 Uncommon trap: trap_request=0xffffff65 fr.pc=0x000002c1e4450360
Event: 150.789 Thread 0x000002c1f8fd5800 DEOPT PACKING pc=0x000002c1e4450360 sp=0x000000e71a7fedd0
Event: 150.789 Thread 0x000002c1f8fd5800 DEOPT UNPACKING pc=0x000002c1e3945843 sp=0x000000e71a7fed50 mode 2


Dynamic libraries:
0x00007ff7e6d50000 - 0x00007ff7e6d97000 	C:\Program Files\Java\jre1.8.0_301\bin\java.exe
0x00007ffd85dd0000 - 0x00007ffd85fc8000 	C:\WINDOWS\SYSTEM32\ntdll.dll
0x00007ffd85c70000 - 0x00007ffd85d2d000 	C:\WINDOWS\System32\KERNEL32.DLL
0x00007ffd83740000 - 0x00007ffd83a12000 	C:\WINDOWS\System32\KERNELBASE.dll
0x00007ffd85250000 - 0x00007ffd852fe000 	C:\WINDOWS\System32\ADVAPI32.dll
0x00007ffd85870000 - 0x00007ffd8590e000 	C:\WINDOWS\System32\msvcrt.dll
0x00007ffd85390000 - 0x00007ffd8542c000 	C:\WINDOWS\System32\sechost.dll
0x00007ffd85740000 - 0x00007ffd85865000 	C:\WINDOWS\System32\RPCRT4.dll
0x00007ffd848e0000 - 0x00007ffd84a7d000 	C:\WINDOWS\System32\USER32.dll
0x00007ffd83bc0000 - 0x00007ffd83be2000 	C:\WINDOWS\System32\win32u.dll
0x00007ffd84c00000 - 0x00007ffd84c2b000 	C:\WINDOWS\System32\GDI32.dll
0x00007ffd83cf0000 - 0x00007ffd83dff000 	C:\WINDOWS\System32\gdi32full.dll
0x00007ffd83b20000 - 0x00007ffd83bbd000 	C:\WINDOWS\System32\msvcp_win.dll
0x00007ffd83a20000 - 0x00007ffd83b20000 	C:\WINDOWS\System32\ucrtbase.dll
0x00007ffd6b0a0000 - 0x00007ffd6b33a000 	C:\WINDOWS\WinSxS\amd64_microsoft.windows.common-controls_6595b64144ccf1df_6.0.19041.1110_none_60b5254171f9507e\COMCTL32.dll
0x00007ffd84010000 - 0x00007ffd84040000 	C:\WINDOWS\System32\IMM32.DLL
0x00007ffd7d060000 - 0x00007ffd7d075000 	C:\Program Files\Java\jre1.8.0_301\bin\vcruntime140.dll
0x00007ffd767f0000 - 0x00007ffd7688b000 	C:\Program Files\Java\jre1.8.0_301\bin\msvcp140.dll
0x0000000053050000 - 0x00000000538b0000 	C:\Program Files\Java\jre1.8.0_301\bin\server\jvm.dll
0x00007ffd84b10000 - 0x00007ffd84b18000 	C:\WINDOWS\System32\PSAPI.DLL
0x00007ffd751a0000 - 0x00007ffd751a9000 	C:\WINDOWS\SYSTEM32\WSOCK32.dll
0x00007ffd7d010000 - 0x00007ffd7d01a000 	C:\WINDOWS\SYSTEM32\VERSION.dll
0x00007ffd6c300000 - 0x00007ffd6c327000 	C:\WINDOWS\SYSTEM32\WINMM.dll
0x00007ffd84a90000 - 0x00007ffd84afb000 	C:\WINDOWS\System32\WS2_32.dll
0x00007ffd813c0000 - 0x00007ffd813d2000 	C:\WINDOWS\SYSTEM32\kernel.appcore.dll
0x00007ffd7d640000 - 0x00007ffd7d650000 	C:\Program Files\Java\jre1.8.0_301\bin\verify.dll
0x00007ffd7b290000 - 0x00007ffd7b2bb000 	C:\Program Files\Java\jre1.8.0_301\bin\java.dll
0x00007ffd7b4b0000 - 0x00007ffd7b4c8000 	C:\Program Files\Java\jre1.8.0_301\bin\zip.dll
0x00007ffd84190000 - 0x00007ffd848d3000 	C:\WINDOWS\System32\SHELL32.dll
0x00007ffd815c0000 - 0x00007ffd81d51000 	C:\WINDOWS\SYSTEM32\windows.storage.dll
0x00007ffd85910000 - 0x00007ffd85c64000 	C:\WINDOWS\System32\combase.dll
0x00007ffd82f40000 - 0x00007ffd82f70000 	C:\WINDOWS\SYSTEM32\Wldp.dll
0x00007ffd85430000 - 0x00007ffd854dd000 	C:\WINDOWS\System32\SHCORE.dll
0x00007ffd83e30000 - 0x00007ffd83e85000 	C:\WINDOWS\System32\shlwapi.dll
0x00007ffd83420000 - 0x00007ffd8343f000 	C:\WINDOWS\SYSTEM32\profapi.dll
0x00007ffd82ea0000 - 0x00007ffd82eb8000 	C:\WINDOWS\SYSTEM32\CRYPTSP.dll
0x00007ffd82550000 - 0x00007ffd82584000 	C:\WINDOWS\system32\rsaenh.dll
0x00007ffd83e00000 - 0x00007ffd83e27000 	C:\WINDOWS\System32\bcrypt.dll
0x00007ffd833e0000 - 0x00007ffd8340e000 	C:\WINDOWS\SYSTEM32\USERENV.dll
0x00007ffd83c60000 - 0x00007ffd83ce2000 	C:\WINDOWS\System32\bcryptprimitives.dll
0x00007ffd82e90000 - 0x00007ffd82e9c000 	C:\WINDOWS\SYSTEM32\CRYPTBASE.dll
0x00007ffd7b200000 - 0x00007ffd7b21c000 	C:\Program Files\Java\jre1.8.0_301\bin\net.dll
0x00007ffd82ca0000 - 0x00007ffd82d0a000 	C:\WINDOWS\system32\mswsock.dll
0x00007ffd82940000 - 0x00007ffd8297b000 	C:\WINDOWS\SYSTEM32\IPHLPAPI.DLL
0x00007ffd84b00000 - 0x00007ffd84b08000 	C:\WINDOWS\System32\NSI.dll
0x00007ffd7d6e0000 - 0x00007ffd7d6f7000 	C:\WINDOWS\SYSTEM32\dhcpcsvc6.DLL
0x00007ffd7d6c0000 - 0x00007ffd7d6dd000 	C:\WINDOWS\SYSTEM32\dhcpcsvc.DLL
0x00007ffd82980000 - 0x00007ffd82a4a000 	C:\WINDOWS\SYSTEM32\DNSAPI.dll
0x00007ffd7b1e0000 - 0x00007ffd7b1f3000 	C:\Program Files\Java\jre1.8.0_301\bin\nio.dll
0x000000006d580000 - 0x000000006d63d000 	C:\Users\barium133\AppData\Local\Temp\sqlite-3.8.11.2-1984782e-d9c2-403e-a591-f64801b4d1ed-sqlitejdbc.dll
0x00007ffd73a20000 - 0x00007ffd73a37000 	C:\WINDOWS\system32\napinsp.dll
0x00007ffd73a00000 - 0x00007ffd73a1b000 	C:\WINDOWS\system32\pnrpnsp.dll
0x00007ffd739e0000 - 0x00007ffd739f5000 	C:\WINDOWS\system32\wshbth.dll
0x00007ffd7d2e0000 - 0x00007ffd7d2fd000 	C:\WINDOWS\system32\NLAapi.dll
0x00007ffd739c0000 - 0x00007ffd739d2000 	C:\WINDOWS\System32\winrnr.dll
0x000000005ae80000 - 0x000000005ae8a000 	C:\Program Files\National Instruments\Shared\mDNS Responder\nimdnsNSP.dll
0x000000005ae70000 - 0x000000005ae80000 	C:\WINDOWS\SYSTEM32\nimdnsResponder.dll
0x00007ffd7aea0000 - 0x00007ffd7aeaa000 	C:\Windows\System32\rasadhlp.dll
0x00007ffd7ab50000 - 0x00007ffd7abd0000 	C:\WINDOWS\System32\fwpuclnt.dll
0x00007ffd7af20000 - 0x00007ffd7af44000 	C:\Program Files\Java\jre1.8.0_301\bin\sunec.dll
0x00007ffd7b3a0000 - 0x00007ffd7b3ad000 	C:\Program Files\Java\jre1.8.0_301\bin\management.dll

VM Arguments:
jvm_args: -Dprog.home=C:\Users\barium133\Code\scalabrad-0.8.3\bin\.. -Dprog.version=0.8.3 
java_command: org.labrad.manager.Manager --tls-required=false
java_class_path (initial): C:\Users\barium133\Code\scalabrad-0.8.3\bin\..\lib\anorm_2.11-2.4.0-M2.jar;C:\Users\barium133\Code\scalabrad-0.8.3\bin\..\lib\argot_2.11-1.0.4.jar;C:\Users\barium133\Code\scalabrad-0.8.3\bin\..\lib\bcpkix-jdk15on-1.52.jar;C:\Users\barium133\Code\scalabrad-0.8.3\bin\..\lib\bcprov-jdk15on-1.52.jar;C:\Users\barium133\Code\scalabrad-0.8.3\bin\..\lib\commons-codec-1.3.jar;C:\Users\barium133\Code\scalabrad-0.8.3\bin\..\lib\commons-logging-1.1.1.jar;C:\Users\barium133\Code\scalabrad-0.8.3\bin\..\lib\fastparse-utils_2.11-0.3.5.jar;C:\Users\barium133\Code\scalabrad-0.8.3\bin\..\lib\fastparse_2.11-0.3.5.jar;C:\Users\barium133\Code\scalabrad-0.8.3\bin\..\lib\google-api-client-1.19.0.jar;C:\Users\barium133\Code\scalabrad-0.8.3\bin\..\lib\google-http-client-1.19.0.jar;C:\Users\barium133\Code\scalabrad-0.8.3\bin\..\lib\google-http-client-jackson2-1.19.0.jar;C:\Users\barium133\Code\scalabrad-0.8.3\bin\..\lib\google-oauth-client-1.19.0.jar;C:\Users\barium133\Code\scalabrad-0.8.3\bin\..\lib\grizzled-scala_2.11-1.3.jar;C:\Users\barium133\Code\scalabrad-0.8.3\bin\..\lib\guava-jdk5-13.0.jar;C:\Users\barium133\Code\scalabrad-0.8.3\bin\..\lib\httpclient-4.0.1.jar;C:\Users\barium133\Code\scalabrad-0.8.3\bin\..\lib\httpcore-4.0.1.jar;C:\Users\barium133\Code\scalabrad-0.8.3\bin\..\lib\jackson-core-2.1.3.jar;C:\Users\barium133\Code\scalabrad-0.8.3\bin\..\lib\jbcrypt-0.3m.jar;C:\Users\barium133\Code\scalabrad-0.8.3\bin\..\lib\jline-2.6.jar;C:\Users\barium133\Code\scalabrad-0.8.3\bin\..\lib\joda-convert-1.7.jar;C:\Users\barium133\Code\scalabrad-0.8.3\bin\..\lib\joda-time-2.5.jar;C:\Users\barium133\Code\scalabrad-0.8.3\bin\..\lib\jsr305-1.3.9.jar;C:\Users\barium133\Code\scalabrad-0.8.3\bin\..\lib\logback-classic-1.0.6.jar;C:\Users\barium133\Code\scalabrad-0.8.3\bin\..\lib\logback-core-1.0.6.jar;C:\Users\barium133\Code\scalabrad-0.8.3\bin\..\lib\netty-all-4.1.1.Final.jar;C:\Users\barium133\Code\scalabrad-0.8.3\bin\..\lib\scala-arm_2.11-1.4.jar;C:\Users\barium133\Code
Launcher Type: SUN_STANDARD

Environment Variables:
JAVA_HOME=C:\Program Files\Java\jre1.8.0_301
PATH=C:\Users\barium133\anaconda3\condabin;C:\Program Files\Ocean Optics\OmniDriver\OOI_HOME;C:\Program Files (x86)\Common Files\Oracle\Java\javapath;C:\WINDOWS\system32;C:\WINDOWS;C:\WINDOWS\System32\Wbem;C:\WINDOWS\System32\WindowsPowerShell\v1.0\;C:\WINDOWS\System32\OpenSSH\;C:\Program Files\Git\cmd;C:\Program Files (x86)\IVI Foundation\VISA\WinNT\Bin\;C:\Program Files\IVI Foundation\VISA\Win64\Bin\;C:\Program Files (x86)\IVI Foundation\VISA\WinNT\Bin;C:\Program Files\Microsoft SQL Server\120\Tools\Binn\;C:\Program Files\dotnet\;C:\Program Files\FLIR Systems\Spinnaker\bin64\vs2015;C:\Program Files\FLIR Systems\Spinnaker\bin\vs2015;C:\Program Files\Wolfram Research\WolframScript\;C:\Program Files\PuTTY\;C:\Users\barium133\AppData\Local\Programs\Python\Python39\Library\bin;C:\Users\barium133\AppData\Local\Programs\Python\Python39\Scripts\;C:\Users\barium133\AppData\Local\Programs\Python\Python39\;C:\Users\barium133\AppData\Local\Programs\Python\Python39\lib\site-packages\artiq\;C:\Users\barium133\AppData\Local\Microsoft\WindowsApps;C:\Users\barium133\AppData\Local\Programs\MiKTeX\miktex\bin\x64\;C:\Users\barium133\.dotnet\tools;C:\Users\barium133\anaconda3;C:\Users\barium133\anaconda3\Scripts;C:\Program Files\Thorlabs\Firmware Update Tool;
USERNAME=barium133
OS=Windows_NT
PROCESSOR_IDENTIFIER=Intel64 Family 6 Model 158 Stepping 13, GenuineIntel



---------------  S Y S T E M  ---------------

OS: Windows 10.0 , 64 bit Build 19041 (10.0.19041.1889)

CPU:total 16 (initial active 16) (8 cores per cpu, 2 threads per core) family 6 model 158 stepping 13, cmov, cx8, fxsr, mmx, sse, sse2, sse3, ssse3, sse4.1, sse4.2, popcnt, avx, avx2, aes, clmul, erms, 3dnowpref, lzcnt, ht, tsc, tscinvbit, bmi1, bmi2, adx

Memory: 4k page, physical 33467380k(20716796k free), swap 134130676k(5112k free)

vm_info: Java HotSpot(TM) 64-Bit Server VM (25.301-b09) for windows-amd64 JRE (1.8.0_301-b09), built on Jun  9 2021 06:46:21 by "java_re" with MS VC++ 15.9 (VS2017)

time: Mon Oct 31 12:30:57 2022
timezone: Pacific Daylight Time
elapsed time: 171.146078 seconds (0d 0h 2m 51s)

