JvmtiExport can_access_local_variables 0
JvmtiExport can_hotswap_or_post_breakpoint 0
JvmtiExport can_post_on_exceptions 0
# 543 ciObject found
instanceKlass org/slf4j/Marker
instanceKlass scala/collection/SeqViewLike$Mapped$class
instanceKlass scala/collection/IterableViewLike$Mapped$class
instanceKlass scala/collection/TraversableViewLike$Mapped$class
instanceKlass scala/collection/SeqViewLike$Transformed$class
instanceKlass scala/collection/IterableViewLike$Transformed$class
instanceKlass scala/collection/TraversableViewLike$Transformed$class
instanceKlass scala/collection/SeqViewLike$AbstractTransformed
instanceKlass scala/collection/SeqViewLike$Mapped
instanceKlass scala/collection/IterableViewLike$Mapped
instanceKlass scala/collection/TraversableViewLike$Mapped
instanceKlass scala/collection/SeqView$$anon$1
instanceKlass scala/collection/SeqView$
instanceKlass scala/collection/mutable/IndexedSeqView$Transformed
instanceKlass scala/collection/mutable/IndexedSeqView$class
instanceKlass scala/collection/SeqViewLike$class
instanceKlass scala/collection/IterableViewLike$class
instanceKlass scala/collection/TraversableViewLike$class
instanceKlass scala/collection/ViewMkString$class
instanceKlass scala/collection/SeqViewLike$Transformed
instanceKlass scala/collection/IterableViewLike$Transformed
instanceKlass scala/collection/TraversableViewLike$Transformed
instanceKlass scala/collection/mutable/IndexedSeqLike$$anon$1
instanceKlass scala/Product2$mcJI$sp$class
instanceKlass sun/nio/cs/UTF_8$1
instanceKlass org/labrad/types/PValue$
instanceKlass scala/LowPriorityImplicits$$anon$4
instanceKlass scala/collection/mutable/FlatHashTable$NullSentinel$
instanceKlass org/labrad/manager/Manager$ConnectServer
instanceKlass io/netty/buffer/PoolArena$1
instanceKlass java/util/concurrent/locks/LockSupport
instanceKlass anorm/Cursor$$anon$2
instanceKlass org/labrad/registry/Registry$RegistryContext
instanceKlass org/labrad/util/AsyncSemaphore$SemaphorePermit
instanceKlass org/labrad/util/Permit
instanceKlass fastparse/parsers/Terminals$
instanceKlass org/labrad/TypeInfo$
instanceKlass scala/Function2$mcIII$sp$class
instanceKlass scala/Function2$mcIII$sp
instanceKlass org/labrad/data/Setter$$anon$11
instanceKlass org/labrad/data/Setter$$anon$12
instanceKlass org/labrad/data/Setter$$anon$13
instanceKlass org/labrad/data/Setter$$anon$14
instanceKlass org/labrad/data/Setter$$anon$15
instanceKlass org/labrad/data/Setter$$anon$16
instanceKlass org/labrad/data/Setter
instanceKlass org/labrad/data/Setter$
instanceKlass org/labrad/data/Arr$
instanceKlass scala/math/Ordering$$anon$11
instanceKlass scala/concurrent/forkjoin/ForkJoinPool$ManagedBlocker
instanceKlass scala/concurrent/forkjoin/ForkJoinPool$Submitter
instanceKlass scala/concurrent/impl/CallbackRunnable
instanceKlass scala/concurrent/OnCompleteRunnable
instanceKlass scala/reflect/internal/transform/RefChecks$class
instanceKlass scala/reflect/internal/transform/Transforms$$anonfun$1$$anon$4
instanceKlass scala/reflect/internal/transform/RefChecks
instanceKlass scala/reflect/internal/transform/UnCurry$class
instanceKlass scala/reflect/internal/transform/Transforms$$anonfun$2$$anon$3
instanceKlass scala/reflect/internal/transform/UnCurry
instanceKlass scala/reflect/internal/transform/PostErasure$class
instanceKlass scala/reflect/internal/transform/Transforms$$anonfun$4$$anon$1
instanceKlass scala/reflect/internal/transform/PostErasure
instanceKlass scala/collection/immutable/StreamIterator$LazyCell
instanceKlass org/labrad/RequestContext$
instanceKlass org/labrad/Connection
instanceKlass org/labrad/Server$
instanceKlass scala/concurrent/AwaitPermission$
instanceKlass scala/concurrent/BlockContext$DefaultBlockContext$
instanceKlass scala/concurrent/BlockContext$
instanceKlass scala/concurrent/package$
instanceKlass scala/concurrent/CanAwait
instanceKlass scala/concurrent/Await$
instanceKlass org/labrad/util/Await$
instanceKlass scala/PartialFunction$OrElse
instanceKlass scala/Product9$class
instanceKlass org/labrad/manager/ManagerImpl$
instanceKlass org/labrad/manager/ManagerImpl
instanceKlass org/labrad/manager/ManagerSupport
instanceKlass org/labrad/data/Bytes$
instanceKlass io/netty/util/Recycler$WeakOrderQueue
instanceKlass org/labrad/data/ArrayCursor
instanceKlass org/labrad/data/ClusterCursor
instanceKlass io/netty/buffer/ByteBufHolder
instanceKlass org/labrad/data/DataBuilder$ConsumeArrayAny
instanceKlass org/labrad/data/DataBuilder$ConsumeClusterAny
instanceKlass org/labrad/data/DataBuilder$ConsumeAny
instanceKlass org/labrad/data/ToData$$anon$13
instanceKlass org/labrad/data/ToData$$anon$12
instanceKlass org/labrad/data/ToData$$anon$8
instanceKlass org/labrad/data/ToData$$anon$7
instanceKlass org/labrad/data/ToData$$anon$6
instanceKlass org/labrad/data/ToData$$anon$5
instanceKlass org/labrad/data/ToData$$anon$4
instanceKlass org/labrad/data/ToData$$anon$3
instanceKlass org/labrad/data/ToData$class
instanceKlass org/labrad/data/ToData$$anon$2
instanceKlass org/labrad/data/ToData
instanceKlass org/labrad/data/ToData$
instanceKlass org/labrad/data/package$Flattenable$
instanceKlass org/labrad/manager/TlsPolicy$STARTTLS_FORCE$
instanceKlass scala/Product4$class
instanceKlass io/netty/channel/AbstractChannelHandlerContext$8
instanceKlass org/labrad/data/Record
instanceKlass org/labrad/data/Cursor
instanceKlass org/labrad/data/FlatData$
instanceKlass org/labrad/data/Packet$
instanceKlass io/netty/buffer/PoolThreadCache$MemoryRegionCache$Entry
instanceKlass io/netty/buffer/PoolThreadCache$2
instanceKlass org/labrad/PacketCodec$DecodeState
instanceKlass io/netty/buffer/PoolChunk
instanceKlass io/netty/buffer/PoolChunkMetric
instanceKlass io/netty/util/Recycler$DefaultHandle
instanceKlass io/netty/util/Recycler$Stack
instanceKlass io/netty/util/concurrent/DefaultThreadFactory$DefaultRunnableDecorator
instanceKlass io/netty/util/ThreadDeathWatcher$Watcher
instanceKlass io/netty/util/ThreadDeathWatcher
instanceKlass io/netty/util/Recycler$1
instanceKlass io/netty/util/Recycler$Handle
instanceKlass io/netty/util/Recycler
instanceKlass io/netty/buffer/PoolThreadCache$MemoryRegionCache
instanceKlass io/netty/buffer/PoolThreadCache$1
instanceKlass io/netty/buffer/PoolThreadCache
instanceKlass org/labrad/manager/TlsPolicy$STARTTLS$
instanceKlass scala/util/Random
instanceKlass io/netty/util/internal/TypeParameterMatcher
instanceKlass io/netty/handler/codec/CodecUtil
instanceKlass io/netty/handler/codec/ByteToMessageDecoder$2
instanceKlass io/netty/handler/codec/ByteToMessageDecoder$1
instanceKlass io/netty/handler/codec/ByteToMessageDecoder$Cumulator
instanceKlass org/labrad/PacketCodec$
instanceKlass io/netty/bootstrap/ServerBootstrap$ServerBootstrapAcceptor$1
instanceKlass io/netty/util/ReferenceCountUtil
instanceKlass io/netty/channel/FileRegion
instanceKlass io/netty/channel/socket/SocketChannelConfig
instanceKlass io/netty/channel/socket/SocketChannel
instanceKlass io/netty/channel/socket/DuplexChannel
instanceKlass io/netty/channel/DefaultMaxMessagesRecvByteBufAllocator$MaxMessageHandle
instanceKlass java/lang/ApplicationShutdownHooks$1
instanceKlass java/lang/ApplicationShutdownHooks
instanceKlass scala/sys/ShutdownHookThread$
instanceKlass java/nio/channels/spi/AbstractSelector$1
instanceKlass io/netty/channel/ChannelFutureListener$3
instanceKlass io/netty/channel/ChannelFutureListener$2
instanceKlass io/netty/channel/ChannelFutureListener$1
instanceKlass io/netty/util/concurrent/DefaultFutureListeners
instanceKlass sun/nio/ch/WindowsSelectorImpl$MapEntry
instanceKlass io/netty/bootstrap/AbstractBootstrap$1
instanceKlass io/netty/channel/ChannelFutureListener
instanceKlass io/netty/util/concurrent/SingleThreadEventExecutor$5
instanceKlass io/netty/channel/ChannelHandler$Sharable
instanceKlass io/netty/channel/RecvByteBufAllocator$Handle
instanceKlass io/netty/channel/DefaultMaxMessagesRecvByteBufAllocator
instanceKlass io/netty/channel/MaxMessagesRecvByteBufAllocator
instanceKlass io/netty/channel/WriteBufferWaterMark
instanceKlass io/netty/channel/DefaultMessageSizeEstimator$HandleImpl
instanceKlass io/netty/channel/MessageSizeEstimator$Handle
instanceKlass io/netty/channel/DefaultMessageSizeEstimator
instanceKlass io/netty/channel/MessageSizeEstimator
instanceKlass io/netty/channel/RecvByteBufAllocator
instanceKlass io/netty/channel/DefaultChannelConfig
instanceKlass io/netty/channel/nio/AbstractNioChannel$1
instanceKlass io/netty/channel/SingleThreadEventLoop$NonWakeupRunnable
instanceKlass io/netty/channel/ChannelProgressivePromise
instanceKlass io/netty/channel/ChannelProgressiveFuture
instanceKlass io/netty/channel/ChannelOutboundHandler
instanceKlass io/netty/util/ResourceLeakHint
instanceKlass io/netty/channel/ChannelHandlerContext
instanceKlass io/netty/channel/DefaultChannelPipeline
instanceKlass io/netty/channel/ChannelOutboundBuffer$Entry
instanceKlass io/netty/channel/ChannelOutboundBuffer
instanceKlass io/netty/util/NetUtil$1
instanceKlass java/net/NetworkInterface$1checkedAddresses
instanceKlass io/netty/util/NetUtil
instanceKlass io/netty/util/internal/MacAddressUtil
instanceKlass sun/management/RuntimeImpl
instanceKlass sun/management/VMManagementImpl
instanceKlass sun/management/VMManagement
instanceKlass sun/management/ManagementFactoryHelper$4
instanceKlass sun/management/ManagementFactoryHelper
instanceKlass javax/management/MBeanServer
instanceKlass java/lang/management/ThreadMXBean
instanceKlass javax/management/MBeanServerConnection
instanceKlass java/lang/management/OperatingSystemMXBean
instanceKlass java/lang/management/MemoryMXBean
instanceKlass java/lang/management/CompilationMXBean
instanceKlass java/lang/management/ClassLoadingMXBean
instanceKlass java/lang/management/RuntimeMXBean
instanceKlass java/lang/management/PlatformManagedObject
instanceKlass java/lang/management/ManagementFactory
instanceKlass io/netty/channel/DefaultChannelId
instanceKlass io/netty/channel/ChannelFlushPromiseNotifier$FlushCheckpoint
instanceKlass io/netty/channel/ChannelMetadata
instanceKlass java/util/concurrent/atomic/AtomicReferenceArray
instanceKlass io/netty/channel/socket/ServerSocketChannelConfig
instanceKlass io/netty/channel/ChannelConfig
instanceKlass io/netty/channel/nio/AbstractNioChannel$NioUnsafe
instanceKlass io/netty/channel/AbstractChannel$AbstractUnsafe
instanceKlass io/netty/channel/ChannelId
instanceKlass io/netty/channel/ChannelPipeline
instanceKlass io/netty/channel/ChannelInboundInvoker
instanceKlass io/netty/channel/Channel$Unsafe
instanceKlass io/netty/util/Attribute
instanceKlass io/netty/channel/ChannelHandlerAdapter
instanceKlass io/netty/channel/ChannelInboundHandler
instanceKlass io/netty/channel/ReflectiveChannelFactory
instanceKlass io/netty/util/DefaultAttributeMap
instanceKlass io/netty/channel/socket/ServerSocketChannel
instanceKlass io/netty/channel/ServerChannel
instanceKlass io/netty/channel/Channel
instanceKlass io/netty/channel/ChannelOutboundInvoker
instanceKlass io/netty/util/AttributeMap
instanceKlass io/netty/bootstrap/AbstractBootstrapConfig
instanceKlass io/netty/channel/ChannelFactory
instanceKlass io/netty/bootstrap/ChannelFactory
instanceKlass io/netty/bootstrap/AbstractBootstrap
instanceKlass io/netty/channel/ChannelHandler
instanceKlass org/labrad/manager/Listener
instanceKlass org/labrad/RequestContext$Key
instanceKlass org/labrad/SettingHandler$$anon$1
instanceKlass scala/collection/generic/GenericClassTagCompanion
instanceKlass scala/collection/generic/GenericClassTagTraversableTemplate
instanceKlass scala/collection/generic/package
instanceKlass scala/reflect/runtime/JavaMirrors$JavaMirror$DerivedValueClassMetadata
instanceKlass scala/reflect/runtime/JavaMirrors$JavaMirror$JavaMethodMirror
instanceKlass scala/runtime/RichBoolean
instanceKlass scala/runtime/RichDouble
instanceKlass scala/math/Fractional
instanceKlass scala/runtime/RichFloat
instanceKlass scala/runtime/FractionalProxy
instanceKlass scala/runtime/RichLong
instanceKlass scala/runtime/RichChar
instanceKlass scala/runtime/IntegralProxy
instanceKlass scala/runtime/RichInt
instanceKlass scala/runtime/RangedProxy
instanceKlass scala/runtime/RichShort
instanceKlass scala/runtime/RichByte
instanceKlass scala/runtime/ScalaWholeNumberProxy
instanceKlass scala/runtime/ScalaNumberProxy
instanceKlass scala/runtime/OrderedProxy
instanceKlass scala/Proxy$Typed
instanceKlass scala/reflect/internal/Definitions$DefinitionsClass$RunDefinitions
instanceKlass scala/reflect/api/Mirrors$FieldMirror
instanceKlass scala/reflect/runtime/JavaMirrors$JavaMirror$JavaInstanceMirror
instanceKlass org/labrad/data/Packet
instanceKlass org/labrad/data/Context
instanceKlass scala/concurrent/duration/package
instanceKlass scala/concurrent/package
instanceKlass org/labrad/manager/auth/AuthServer
instanceKlass org/labrad/types/TTime$
instanceKlass org/labrad/types/PComplex
instanceKlass org/labrad/data/Bool$
instanceKlass org/labrad/data/Str$
instanceKlass org/labrad/data/UInt$
instanceKlass org/labrad/data/Cluster$
instanceKlass org/labrad/manager/Manager$Connect
instanceKlass org/labrad/manager/auth/Authenticator$
instanceKlass org/labrad/manager/LocalServerActor
instanceKlass org/labrad/ServerInfo
instanceKlass scala/Function4$class
instanceKlass scala/Function1$mcII$sp$class
instanceKlass scala/Function1$mcII$sp
instanceKlass org/labrad/data/Getter$$anon$15
instanceKlass org/labrad/data/Getter$$anon$17
instanceKlass org/labrad/types/TValue$
instanceKlass org/labrad/types/PValue
instanceKlass org/labrad/data/Getter$$anon$13
instanceKlass org/labrad/data/Getter$$anon$12
instanceKlass org/labrad/data/Getter$$anon$11
instanceKlass org/labrad/data/Getter$$anon$10
instanceKlass org/labrad/data/Getter$$anon$1
instanceKlass org/labrad/data/Getter$$anon$2
instanceKlass org/labrad/data/Getter$$anon$3
instanceKlass org/labrad/data/Getter$$anon$4
instanceKlass org/labrad/data/Getter$$anon$5
instanceKlass org/labrad/data/Getter$$anon$6
instanceKlass org/labrad/data/Getter$$anon$7
instanceKlass org/labrad/data/Getter$$anon$8
instanceKlass org/labrad/data/Getter$$anon$9
instanceKlass org/labrad/data/Getter
instanceKlass org/labrad/data/Getter$
instanceKlass org/labrad/data/ByteManip$
instanceKlass org/labrad/data/EndianAwareByteArray$
instanceKlass org/labrad/data/EndianAwareByteArray$RichByteArray$
instanceKlass io/netty/buffer/HeapByteBufUtil
instanceKlass org/labrad/types/TBytes$
instanceKlass scala/Function0$mcB$sp$class
instanceKlass scala/Function0$mcB$sp
instanceKlass org/labrad/data/TreeData
instanceKlass org/labrad/data/TreeData$
instanceKlass org/labrad/data/Data$
instanceKlass anorm/$tilde
instanceKlass org/labrad/data/Data$class
instanceKlass org/labrad/data/FlatData
instanceKlass org/labrad/data/DataBuilder$Done
instanceKlass org/labrad/data/package$
instanceKlass org/labrad/data/package$RichByteBuf$
instanceKlass scala/collection/mutable/ArrayOps$ofInt$
instanceKlass scala/Function1$mcZI$sp$class
instanceKlass scala/Function1$mcZI$sp
instanceKlass scala/collection/mutable/ArrayOps$ofInt
instanceKlass org/labrad/data/DataBuilder$ConsumeSimple$class
instanceKlass org/labrad/data/DataBuilder$ConsumeOne
instanceKlass org/labrad/data/DataBuilder$ConsumeSimple
instanceKlass org/labrad/data/DataBuilder$ConsumeCluster
instanceKlass org/labrad/types/PError
instanceKlass org/labrad/data/DataBuilder$ConsumeArray
instanceKlass org/labrad/data/DataBuilder$State$class
instanceKlass org/labrad/data/DataBuilder$Start
instanceKlass org/labrad/data/DataBuilder$State
instanceKlass org/labrad/data/DataBuilder
instanceKlass fastparse/parsers/Combinators$Capturing
instanceKlass org/labrad/types/Type$
instanceKlass org/labrad/data/DataBuilder$
instanceKlass anorm/ToStatement$stringToStatement$
instanceKlass anorm/ParameterValue$$anon$1
instanceKlass anorm/ParameterValue$Wrapper
instanceKlass anorm/ParameterValue$
instanceKlass anorm/ToStatement$longToStatement$
instanceKlass anorm/ParameterValue
instanceKlass org/labrad/manager/MultiheadServer
instanceKlass java/util/TimSort
instanceKlass java/util/Arrays$LegacyMergeSort
instanceKlass org/labrad/types/TUInt$
instanceKlass org/labrad/types/PAny$
instanceKlass org/labrad/types/TBool$
instanceKlass org/labrad/SettingInfo
instanceKlass org/labrad/TypeInfo
instanceKlass org/labrad/annotations/Return
instanceKlass org/labrad/types/PArr
instanceKlass org/labrad/types/PArr$
instanceKlass org/labrad/types/PExpando
instanceKlass org/labrad/types/PCluster
instanceKlass org/labrad/types/PCluster$
instanceKlass org/labrad/SettingHandler$Sym$
instanceKlass org/labrad/types/PChoice
instanceKlass org/labrad/types/TNone$
instanceKlass org/labrad/types/TInt$
instanceKlass fastparse/core/Parsed$class
instanceKlass fastparse/core/Parsed$Success
instanceKlass org/labrad/types/ConcreteType$class
instanceKlass org/labrad/types/Pattern$class
instanceKlass org/labrad/types/TStr$
instanceKlass org/labrad/types/ConcreteType
instanceKlass fastparse/parsers/Terminals$Literal
instanceKlass scala/collection/mutable/WrappedArrayBuilder
instanceKlass fastparse/Utils$TrieNode
instanceKlass fastparse/parsers/Intrinsics$StringIn
instanceKlass fastparse/Implicits$Optioner$UnitOptioner$
instanceKlass fastparse/parsers/Combinators$Optional
instanceKlass fastparse/Implicits$LowPriOptioner$GenericOptioner
instanceKlass fastparse/Implicits$LowPriOptioner$class
instanceKlass fastparse/Implicits$Optioner$
instanceKlass fastparse/Implicits$LowPriOptioner
instanceKlass fastparse/parsers/Combinators$Either$
instanceKlass fastparse/parsers/Combinators$Either
instanceKlass fastparse/parsers/Combinators$Sequence$Chain
instanceKlass fastparse/parsers/Combinators$Sequence$Flat
instanceKlass fastparse/parsers/Combinators$Sequence
instanceKlass fastparse/parsers/Combinators$Sequence$
instanceKlass fastparse/parsers/Combinators$NoCut
instanceKlass fastparse/parsers/Combinators$Repeat
instanceKlass fastparse/Implicits$LowPriRepeater$GenericRepeater
instanceKlass fastparse/Implicits$LowPriRepeater$class
instanceKlass fastparse/Implicits$Repeater$
instanceKlass fastparse/Implicits$LowPriRepeater
instanceKlass fastparse/parsers/Terminals$CharLiteral
instanceKlass scala/util/matching/Regex$MatchData$class
instanceKlass scala/util/matching/Regex$Match
instanceKlass scala/util/matching/Regex$MatchData
instanceKlass fastparse/WhitespaceApi$CustomSequence
instanceKlass fastparse/Implicits$Sequencer$$anon$1
instanceKlass fastparse/Implicits$LowPriSequencer$class
instanceKlass fastparse/Implicits$LowerPriSequencer$class
instanceKlass fastparse/SequencerGen$class
instanceKlass fastparse/LowestPriSequencer$class
instanceKlass fastparse/Implicits$Sequencer
instanceKlass fastparse/Implicits$Sequencer$
instanceKlass fastparse/Implicits$LowPriSequencer
instanceKlass fastparse/Implicits$LowerPriSequencer
instanceKlass fastparse/SequencerGen
instanceKlass fastparse/LowestPriSequencer
instanceKlass fastparse/core/Mutable$Success
instanceKlass fastparse/core/Parsed
instanceKlass fastparse/core/Parsed$Failure$Extra
instanceKlass fastparse/core/Mutable$Failure
instanceKlass fastparse/core/ParseCtx
instanceKlass org/labrad/types/Type
instanceKlass fastparse/parsers/Transformers$Mapper
instanceKlass fastparse/ParserApi$class
instanceKlass fastparse/ParserApiImpl
instanceKlass fastparse/WhitespaceApi$Wrapper
instanceKlass fastparse/parsers/Combinators$NoTrace
instanceKlass fastparse/ParserApi
instanceKlass fastparse/all$
instanceKlass fastparse/WhitespaceApi$
instanceKlass org/labrad/util/Parsing$Re
instanceKlass org/labrad/util/Parsing$
instanceKlass fastparse/Implicits$Repeater
instanceKlass fastparse/Implicits$Optioner
instanceKlass fastparse/parsers/Combinators$Rule
instanceKlass sourcecode/SourceValue
instanceKlass fastparse/core/ParseError$
instanceKlass fastparse/parsers/Combinators$NoCut$
instanceKlass fastparse/parsers/Combinators$NoTrace$
instanceKlass fastparse/CharPredicates$
instanceKlass fastparse/parsers/Terminals$AnyChar$
instanceKlass fastparse/parsers/Terminals$Index$
instanceKlass fastparse/parsers/Terminals$End$
instanceKlass fastparse/parsers/Terminals$Start$
instanceKlass fastparse/parsers/Terminals$Fail$
instanceKlass fastparse/core/Parser$class
instanceKlass fastparse/core/Precedence$class
instanceKlass fastparse/core/ParserResults$class
instanceKlass fastparse/core/Mutable
instanceKlass fastparse/parsers/Terminals$Pass$
instanceKlass fastparse/core/Parsed$
instanceKlass fastparse/core/Parser
instanceKlass fastparse/core/Precedence
instanceKlass fastparse/core/ParserResults
instanceKlass fastparse/Api$class
instanceKlass fastparse/noApi$
instanceKlass fastparse/Api
instanceKlass org/labrad/types/Parsers$
instanceKlass org/labrad/types/Pattern$
instanceKlass sun/reflect/generics/tree/BooleanSignature
instanceKlass java/util/function/Consumer
instanceKlass java/util/Spliterator$OfLong
instanceKlass java/util/Spliterator$OfDouble
instanceKlass java/util/Spliterator$OfInt
instanceKlass java/util/Spliterator$OfPrimitive
instanceKlass java/util/Spliterator
instanceKlass java/util/stream/IntStream
instanceKlass java/util/stream/BaseStream
instanceKlass scala/reflect/internal/Types$substTypeMapCache$
instanceKlass org/labrad/RequestContext
instanceKlass org/labrad/SettingHandler$FutureFunction1
instanceKlass org/labrad/types/Pattern
instanceKlass org/labrad/SettingHandler$
instanceKlass scala/reflect/internal/util/TriState$
instanceKlass scala/reflect/internal/tpe/TypeConstraints$UndoLog
instanceKlass org/labrad/Reflect$RichAnnotation
instanceKlass scala/PartialFunction$$anon$1
instanceKlass scala/PartialFunction$
instanceKlass scala/collection/mutable/LazyBuilder
instanceKlass org/labrad/data/Data
instanceKlass org/labrad/data/package
instanceKlass org/labrad/annotations/Setting
instanceKlass scala/reflect/internal/transform/Erasure$GenericArray$
instanceKlass scala/reflect/internal/transform/Erasure$class
instanceKlass scala/reflect/internal/transform/Transforms$$anonfun$3$$anon$2
instanceKlass scala/reflect/internal/transform/Erasure
instanceKlass scala/runtime/VolatileDoubleRef
instanceKlass scala/runtime/VolatileFloatRef
instanceKlass scala/runtime/VolatileLongRef
instanceKlass scala/runtime/VolatileIntRef
instanceKlass scala/runtime/VolatileCharRef
instanceKlass scala/runtime/VolatileShortRef
instanceKlass scala/runtime/VolatileByteRef
instanceKlass scala/runtime/VolatileBooleanRef
instanceKlass scala/runtime/DoubleRef
instanceKlass scala/runtime/FloatRef
instanceKlass scala/runtime/LongRef
instanceKlass scala/runtime/CharRef
instanceKlass scala/runtime/ShortRef
instanceKlass scala/runtime/ByteRef
instanceKlass scala/languageFeature
instanceKlass scala/annotation/meta/package
instanceKlass scala/reflect/internal/annotations/package
instanceKlass scala/Specializable$SpecializedGroup
instanceKlass scala/annotation/ClassfileAnnotation
instanceKlass scala/runtime/Statics
instanceKlass scala/runtime/VolatileObjectRef
instanceKlass scala/reflect/internal/Definitions$DefinitionsClass$MacroContextType$
instanceKlass scala/runtime/AbstractFunction22
instanceKlass scala/runtime/AbstractFunction21
instanceKlass scala/runtime/AbstractFunction20
instanceKlass scala/runtime/AbstractFunction19
instanceKlass scala/runtime/AbstractFunction18
instanceKlass scala/runtime/AbstractFunction17
instanceKlass scala/runtime/AbstractFunction16
instanceKlass scala/runtime/AbstractFunction15
instanceKlass scala/runtime/AbstractFunction14
instanceKlass scala/runtime/AbstractFunction13
instanceKlass scala/runtime/AbstractFunction12
instanceKlass scala/runtime/AbstractFunction11
instanceKlass scala/runtime/AbstractFunction10
instanceKlass scala/runtime/AbstractFunction9
instanceKlass scala/runtime/AbstractFunction8
instanceKlass scala/runtime/AbstractFunction7
instanceKlass scala/runtime/AbstractFunction6
instanceKlass scala/runtime/AbstractFunction5
instanceKlass scala/runtime/AbstractFunction4
instanceKlass scala/Function22
instanceKlass scala/Function21
instanceKlass scala/Function20
instanceKlass scala/Function19
instanceKlass scala/Function18
instanceKlass scala/Function17
instanceKlass scala/Function16
instanceKlass scala/Function15
instanceKlass scala/Function14
instanceKlass scala/Function13
instanceKlass scala/Function12
instanceKlass scala/Function11
instanceKlass scala/Function10
instanceKlass scala/Function9
instanceKlass scala/Function8
instanceKlass scala/Function7
instanceKlass scala/Function6
instanceKlass scala/Function5
instanceKlass scala/Tuple22
instanceKlass scala/Tuple21
instanceKlass scala/Tuple20
instanceKlass scala/Tuple19
instanceKlass scala/Tuple18
instanceKlass scala/Tuple17
instanceKlass scala/Tuple16
instanceKlass scala/Tuple15
instanceKlass scala/Tuple14
instanceKlass scala/Tuple13
instanceKlass scala/Tuple12
instanceKlass scala/Tuple11
instanceKlass scala/Tuple10
instanceKlass scala/Tuple9
instanceKlass scala/Tuple8
instanceKlass scala/Tuple7
instanceKlass scala/Tuple6
instanceKlass scala/Tuple5
instanceKlass scala/Tuple4
instanceKlass scala/Product1$mcD$sp
instanceKlass scala/Product1$mcI$sp
instanceKlass scala/Product1$mcJ$sp
instanceKlass scala/Tuple1
instanceKlass scala/collection/package$$anon$1
instanceKlass scala/collection/package$
instanceKlass scala/Product22
instanceKlass scala/Product21
instanceKlass scala/Product20
instanceKlass scala/Product19
instanceKlass scala/Product18
instanceKlass scala/Product17
instanceKlass scala/Product16
instanceKlass scala/Product15
instanceKlass scala/Product14
instanceKlass scala/Product13
instanceKlass scala/Product12
instanceKlass scala/Product11
instanceKlass scala/Product10
instanceKlass scala/Product9
instanceKlass scala/Product8
instanceKlass scala/Product7
instanceKlass scala/Product6
instanceKlass scala/Product5
instanceKlass scala/Product4
instanceKlass scala/Product1
instanceKlass scala/reflect/internal/Definitions$DefinitionsClass$VarArityClass$
instanceKlass scala/Some$
instanceKlass scala/None
instanceKlass scala/reflect/ScalaLongSignature
instanceKlass scala/reflect/macros/whitebox/Context
instanceKlass scala/reflect/macros/blackbox/Context
instanceKlass scala/reflect/macros/Internals
instanceKlass scala/reflect/macros/ExprUtils
instanceKlass scala/reflect/macros/Evals
instanceKlass scala/reflect/macros/Parsers
instanceKlass scala/reflect/macros/Typers
instanceKlass scala/reflect/macros/Infrastructure
instanceKlass scala/reflect/macros/FrontEnds
instanceKlass scala/reflect/macros/Reifiers
instanceKlass scala/reflect/macros/Names
instanceKlass scala/reflect/macros/Enclosures
instanceKlass scala/reflect/macros/Aliases
instanceKlass scala/reflect/macros/package
instanceKlass scala/reflect/api/TreeCreator
instanceKlass scala/reflect/NoManifest
instanceKlass scala/reflect/ManifestFactory
instanceKlass scala/reflect/runtime/package
instanceKlass scala/reflect/api/package
instanceKlass scala/reflect/ClassManifestFactory
instanceKlass scala/reflect/package
instanceKlass scala/reflect/internal/tpe/TypeMaps$KeepOnlyTypeConstraints$class
instanceKlass scala/reflect/internal/tpe/TypeMaps$AnnotationFilter$class
instanceKlass scala/reflect/internal/tpe/TypeMaps$KeepOnlyTypeConstraints
instanceKlass scala/reflect/internal/tpe/TypeMaps$AnnotationFilter
instanceKlass scala/collection/immutable/Nil
instanceKlass java/rmi/Remote
instanceKlass scala/annotation/TypeConstraint
instanceKlass scala/DelayedInit
instanceKlass scala/runtime/TraitSetter
instanceKlass scala/math/package
instanceKlass scala/runtime/StringAdd
instanceKlass scala/UniquenessCache
instanceKlass scala/runtime/ScalaRunTime
instanceKlass scala/Predef
instanceKlass scala/sys/package
instanceKlass scala/Dynamic
instanceKlass scala/Symbol
instanceKlass scala/runtime/AbstractPartialFunction
instanceKlass java/io/ObjectInputStream$$Lambda$3
instanceKlass sun/misc/JavaObjectInputStreamReadString
instanceKlass java/lang/invoke/LambdaForm$MH
instanceKlass java/lang/invoke/LambdaForm$MH
instanceKlass java/lang/invoke/InnerClassLambdaMetafactory$1
instanceKlass java/io/ObjectInputStream$$Lambda$2
instanceKlass sun/misc/JavaObjectInputStreamAccess
instanceKlass java/lang/invoke/LambdaForm$DMH
instanceKlass sun/misc/ObjectStreamClassValidator
instanceKlass java/io/ObjectInputStream$1
instanceKlass sun/misc/JavaOISAccess
instanceKlass sun/reflect/generics/tree/ArrayTypeSignature
instanceKlass java/io/ObjectOutput
instanceKlass java/io/ObjectStreamConstants
instanceKlass java/io/ObjectInput
instanceKlass java/lang/Throwable$SentinelHolder
instanceKlass java/lang/Throwable$PrintStreamOrWriter
instanceKlass scala/reflect/api/Exprs$Expr
instanceKlass scala/reflect/api/Exprs$Expr$
instanceKlass scala/reflect/api/Printers$BooleanFlag$
instanceKlass scala/reflect/api/StandardLiftables$StandardUnliftableInstances$class
instanceKlass scala/reflect/api/Liftables$Unliftable
instanceKlass scala/reflect/api/Liftables$Unliftable$
instanceKlass scala/reflect/api/StandardLiftables$StandardUnliftableInstances
instanceKlass scala/reflect/api/StandardLiftables$StandardLiftableInstances$class
instanceKlass scala/reflect/api/Liftables$Liftable
instanceKlass scala/reflect/api/Liftables$Liftable$
instanceKlass scala/reflect/api/StandardLiftables$StandardLiftableInstances
instanceKlass scala/reflect/internal/tpe/TypeConstraints$TypeConstraint$
instanceKlass scala/reflect/internal/Types$TypeUnwrapper
instanceKlass scala/reflect/internal/Types$ErasedValueType$
instanceKlass scala/reflect/internal/Types$StaticallyAnnotatedType$
instanceKlass scala/reflect/internal/Types$UntouchableTypeVar
instanceKlass scala/reflect/internal/Types$TypeVar$
instanceKlass scala/reflect/internal/Types$ArrayTypeRef$
instanceKlass scala/reflect/internal/Types$HasTypeMember$
instanceKlass scala/reflect/internal/Types$baseClassesCycleMonitor$
instanceKlass scala/reflect/internal/Types$CompoundType$
instanceKlass scala/reflect/internal/Kinds$inferKind$InferKind
instanceKlass scala/reflect/internal/Kinds$inferKind$
instanceKlass scala/reflect/internal/Kinds$TypeConKind$
instanceKlass scala/reflect/internal/Kinds$ProperTypeKind$
instanceKlass scala/reflect/internal/Kinds$Kind$
instanceKlass scala/Function3$class
instanceKlass scala/runtime/AbstractFunction3
instanceKlass scala/reflect/internal/FlagSets$Flag$
instanceKlass scala/reflect/internal/Scopes$Scope$
instanceKlass scala/reflect/internal/Scopes$NameLookup$class
instanceKlass scala/reflect/internal/Scopes$LookupNotFound$
instanceKlass scala/reflect/internal/Scopes$NameLookup
instanceKlass scala/reflect/internal/StdNames$binarynme$
instanceKlass scala/reflect/internal/AnnotationInfos$ThrownException$
instanceKlass scala/reflect/api/Trees$Traverser
instanceKlass scala/reflect/internal/Trees$NameTree$class
instanceKlass scala/reflect/internal/Trees$ValOrDefDef$
instanceKlass scala/reflect/internal/TypeDebugging$typeDebug$
instanceKlass scala/reflect/internal/TypeDebugging$noPrint$
instanceKlass scala/reflect/internal/StdAttachments$SyntheticUnitAttachment$
instanceKlass scala/reflect/internal/StdAttachments$ForAttachment$
instanceKlass scala/reflect/internal/StdAttachments$PlainAttachment$class
instanceKlass scala/reflect/internal/StdAttachments$BackquotedIdentifierAttachment$
instanceKlass scala/reflect/internal/StdAttachments$PlainAttachment
instanceKlass scala/reflect/internal/StdAttachments$ImportableAttachment
instanceKlass scala/reflect/internal/FreshNames$FreshNameExtractor$
instanceKlass scala/reflect/internal/Internals$$anon$4
instanceKlass scala/reflect/macros/Universe$MacroCompatApi$class
instanceKlass scala/reflect/api/Internals$CompatToken
instanceKlass scala/reflect/api/Internals$CompatApi$class
instanceKlass scala/reflect/internal/Internals$$anon$2
instanceKlass scala/reflect/internal/util/TraceSymbolActivity$class
instanceKlass scala/reflect/internal/SymbolTable$traceSymbols$
instanceKlass scala/reflect/macros/Universe$MacroInternalApi$MacroDecoratorApi
instanceKlass scala/reflect/internal/Internals$SymbolTableInternal$class
instanceKlass scala/reflect/macros/Universe$MacroInternalApi$class
instanceKlass scala/reflect/api/Internals$InternalApi$class
instanceKlass scala/reflect/api/Internals$InternalApi$DecoratorApi
instanceKlass scala/reflect/runtime/JavaUniverse$$anon$1
instanceKlass scala/reflect/internal/Internals$SymbolTableInternal
instanceKlass scala/Short
instanceKlass scala/reflect/api/TypeTags$TypeTag$class
instanceKlass scala/reflect/api/TypeTags$WeakTypeTag$class
instanceKlass scala/reflect/api/TypeTags$WeakTypeTagImpl
instanceKlass scala/reflect/api/TypeTags$TypeTag
instanceKlass scala/reflect/api/TypeTags$TypeTag$
instanceKlass scala/reflect/api/TypeTags$WeakTypeTag
instanceKlass scala/reflect/api/TypeTags$WeakTypeTag$
instanceKlass scala/reflect/internal/StdNames$compactify$
instanceKlass scala/reflect/api/Trees$Transformer
instanceKlass sun/reflect/generics/tree/IntSignature
instanceKlass java/lang/annotation/Documented
instanceKlass java/lang/Deprecated
instanceKlass scala/Byte
instanceKlass scala/Double
instanceKlass scala/Float
instanceKlass scala/Char
instanceKlass scala/reflect/internal/StdNames$TermNames$raw$
instanceKlass scala/reflect/internal/Types$RewrappingTypeProxy$class
instanceKlass scala/Boolean
instanceKlass scala/Int
instanceKlass scala/Long
instanceKlass scala/reflect/internal/Trees$CannotHaveAttrs$class
instanceKlass scala/reflect/api/Annotations$AnnotationApi$class
instanceKlass scala/reflect/api/Trees$TreeApi$class
instanceKlass scala/annotation/StaticAnnotation
instanceKlass scala/reflect/internal/AnnotationInfos$AnnotationInfo$
instanceKlass scala/Unit
instanceKlass scala/reflect/runtime/JavaMirrors$JavaMirror$jMemberOps
instanceKlass scala/reflect/runtime/JavaMirrors$JavaMirror$RichClass
instanceKlass scala/reflect/runtime/ReflectionUtils$EnclosedIn
instanceKlass scala/reflect/runtime/ReflectionUtils$PrimitiveOrArray$
instanceKlass scala/reflect/internal/ClassfileConstants$FlagTranslation
instanceKlass scala/reflect/internal/JavaAccFlags$
instanceKlass scala/reflect/runtime/JavaMirrors$JavaMirror$jClassOps
instanceKlass scala/AnyVal
instanceKlass scala/Array
instanceKlass scala/reflect/internal/Types$GenPolyType$
instanceKlass scala/collection/package
instanceKlass scala/reflect/internal/Types$AbstractTypeRef$class
instanceKlass scala/runtime/package
instanceKlass scala/annotation/Annotation
instanceKlass scala/reflect/internal/util/ThreeValues$
instanceKlass scala/reflect/internal/Types$AliasTypeRef$class
instanceKlass scala/reflect/internal/Types$NonClassTypeRef$class
instanceKlass scala/reflect/runtime/TwoWayCaches$TwoWayCache$SomeRef$
instanceKlass scala/ref/WeakReference$
instanceKlass scala/reflect/runtime/SynchronizedSymbols$SynchronizedMethodSymbol$class
instanceKlass scala/reflect/api/Symbols$MethodSymbolApi$class
instanceKlass scala/reflect/runtime/SynchronizedSymbols$SynchronizedMethodSymbol
instanceKlass scala/reflect/internal/pickling/PickleFormat$
instanceKlass scala/reflect/internal/pickling/PickleBuffer
instanceKlass scala/reflect/internal/pickling/UnPickler
instanceKlass scala/reflect/internal/pickling/ByteCodecs$
instanceKlass java/lang/annotation/Target
instanceKlass java/lang/reflect/WeakCache$Value
instanceKlass sun/misc/ProxyGenerator$ExceptionTableEntry
instanceKlass sun/misc/ProxyGenerator$PrimitiveTypeInfo
instanceKlass sun/misc/ProxyGenerator$FieldInfo
instanceKlass java/io/DataOutput
instanceKlass sun/misc/ProxyGenerator$ConstantPool$Entry
instanceKlass sun/misc/ProxyGenerator$MethodInfo
instanceKlass sun/misc/ProxyGenerator$ProxyMethod
instanceKlass sun/misc/ProxyGenerator$ConstantPool
instanceKlass sun/misc/ProxyGenerator
instanceKlass java/lang/reflect/WeakCache$Factory
instanceKlass java/util/function/Supplier
instanceKlass sun/reflect/annotation/AnnotationInvocationHandler
instanceKlass sun/reflect/annotation/AnnotationParser$1
instanceKlass sun/reflect/annotation/ExceptionProxy
instanceKlass java/lang/annotation/Inherited
instanceKlass java/lang/annotation/Retention
instanceKlass sun/reflect/annotation/AnnotationType$1
instanceKlass scala/reflect/ScalaSignature
instanceKlass scala/reflect/internal/Types$FlagAssigningCompleter
instanceKlass scala/package
instanceKlass scala/reflect/runtime/ThreadLocalStorage$MyThreadLocalStorage
instanceKlass scala/reflect/internal/tpe/FindMembers$FindMemberBase
instanceKlass scala/reflect/internal/Variance$
instanceKlass scala/reflect/internal/Scopes$ScopeEntry
instanceKlass scala/reflect/internal/settings/MutableSettings$
instanceKlass scala/Predef$any2stringadd$
instanceKlass scala/reflect/runtime/ReflectionUtils$
instanceKlass scala/reflect/runtime/SynchronizedOps$SynchronizedScope$class
instanceKlass scala/reflect/internal/Types$ClassTypeRef$class
instanceKlass scala/reflect/internal/Types$ClassTypeRef
instanceKlass scala/reflect/internal/Types$AbstractTypeRef
instanceKlass scala/reflect/internal/Types$AliasTypeRef
instanceKlass scala/reflect/internal/Types$NonClassTypeRef
instanceKlass scala/reflect/internal/Types$SimpleTypeProxy$class
instanceKlass scala/util/hashing/MurmurHash3$ArrayHashing
instanceKlass scala/util/hashing/Hashing
instanceKlass scala/util/hashing/MurmurHash3
instanceKlass scala/reflect/api/Symbols$ModuleSymbolApi$class
instanceKlass scala/reflect/api/Symbols$TermSymbolApi$class
instanceKlass scala/reflect/runtime/SynchronizedSymbols$SynchronizedTermSymbol
instanceKlass scala/reflect/runtime/SynchronizedSymbols$SynchronizedTypeSymbol$class
instanceKlass scala/reflect/internal/Mirrors$Roots$RootSymbol$class
instanceKlass scala/reflect/internal/Mirrors$Roots$WellKnownSymbol$class
instanceKlass scala/reflect/api/Symbols$ClassSymbolApi$class
instanceKlass scala/reflect/api/Symbols$TypeSymbolApi$class
instanceKlass scala/reflect/runtime/SynchronizedSymbols$SynchronizedModuleClassSymbol
instanceKlass scala/reflect/runtime/SynchronizedSymbols$SynchronizedClassSymbol
instanceKlass scala/reflect/runtime/SynchronizedSymbols$SynchronizedTypeSymbol
instanceKlass scala/ref/ReferenceWrapper$class
instanceKlass scala/Proxy$class
instanceKlass scala/ref/Reference$class
instanceKlass scala/ref/ReferenceWithWrapper
instanceKlass scala/ref/WeakReference
instanceKlass scala/ref/ReferenceWrapper
instanceKlass scala/Proxy
instanceKlass scala/ref/Reference
instanceKlass scala/util/matching/UnanchoredRegex
instanceKlass scala/util/matching/Regex
instanceKlass scala/reflect/runtime/HasJavaClass
instanceKlass scala/reflect/runtime/TwoWayCaches$TwoWayCache
instanceKlass scala/reflect/api/JavaUniverse$JavaMirror$class
instanceKlass scala/reflect/api/Mirrors$MethodMirror
instanceKlass scala/reflect/runtime/JavaMirrors$JavaClassCompleter
instanceKlass scala/reflect/api/Mirrors$ModuleMirror
instanceKlass scala/reflect/api/Mirrors$ClassMirror
instanceKlass scala/reflect/api/Mirrors$TemplateMirror
instanceKlass scala/reflect/internal/Types$FlagAgnosticCompleter
instanceKlass scala/reflect/api/Mirrors$InstanceMirror
instanceKlass scala/reflect/internal/Mirrors$Roots$RootSymbol
instanceKlass scala/reflect/internal/Mirrors$RootSymbol
instanceKlass scala/reflect/internal/Mirrors$Roots$WellKnownSymbol
instanceKlass scala/Function1$mcZJ$sp$class
instanceKlass scala/Function1$mcZJ$sp
instanceKlass scala/collection/immutable/VectorBuilder
instanceKlass scala/Function1$mcJI$sp$class
instanceKlass scala/Function1$mcJI$sp
instanceKlass scala/collection/mutable/ArrayOps$ofLong$
instanceKlass scala/Function2$mcJJJ$sp$class
instanceKlass scala/Function2$mcJJJ$sp
instanceKlass scala/collection/mutable/ArrayOps$ofLong
instanceKlass scala/Function1$mcJJ$sp$class
instanceKlass scala/reflect/internal/Flags$MapFlags
instanceKlass scala/Function1$mcJJ$sp
instanceKlass scala/Product2$mcJJ$sp$class
instanceKlass scala/reflect/internal/ModifierFlags
instanceKlass scala/reflect/runtime/SynchronizedSymbols$SynchronizedSymbol$class
instanceKlass scala/reflect/internal/Symbols$TypeHistory
instanceKlass scala/reflect/internal/StdAttachments$Attachable$class
instanceKlass scala/reflect/internal/AnnotationInfos$Annotatable$class
instanceKlass scala/reflect/internal/HasFlags$class
instanceKlass scala/reflect/api/Symbols$SymbolApi$class
instanceKlass scala/reflect/io/AbstractFile
instanceKlass scala/reflect/internal/Symbols$StubSymbol
instanceKlass scala/reflect/internal/util/TraceSymbolActivity
instanceKlass scala/reflect/internal/Definitions$ValueClassDefinitions$class
instanceKlass scala/reflect/api/StandardDefinitions$DefinitionsApi$class
instanceKlass scala/reflect/api/StandardDefinitions$DefinitionsApi$VarArityClassApi
instanceKlass scala/reflect/internal/Definitions$DefinitionsClass
instanceKlass scala/reflect/internal/Definitions$ValueClassDefinitions
instanceKlass scala/reflect/runtime/SymbolTable$class
instanceKlass scala/reflect/runtime/ThreadLocalStorage$ThreadLocalStorage
instanceKlass scala/reflect/runtime/ThreadLocalStorage$class
instanceKlass scala/reflect/runtime/Gil$class
instanceKlass scala/reflect/runtime/SynchronizedTypes$class
instanceKlass scala/reflect/runtime/SynchronizedSymbols$SynchronizedSymbol
instanceKlass scala/reflect/runtime/SynchronizedSymbols$class
instanceKlass scala/reflect/runtime/SymbolLoaders$class
instanceKlass scala/reflect/runtime/JavaMirrors$class
instanceKlass scala/reflect/runtime/TwoWayCaches$class
instanceKlass scala/reflect/api/JavaUniverse$class
instanceKlass scala/reflect/runtime/ReflectSetup$class
instanceKlass scala/reflect/runtime/JavaUniverseForce$class
instanceKlass scala/reflect/internal/Reporting$class
instanceKlass scala/reflect/macros/Universe$TreeGen
instanceKlass scala/reflect/macros/Universe$MacroCompatApi
instanceKlass scala/reflect/internal/Internals$class
instanceKlass scala/reflect/internal/util/FreshNameCreator$
instanceKlass scala/reflect/internal/util/FreshNameCreator
instanceKlass scala/reflect/internal/FreshNames$class
instanceKlass scala/reflect/internal/pickling/Translations$class
instanceKlass scala/reflect/internal/PrivateWithin$class
instanceKlass scala/reflect/api/Internals$ReificationSupportApi$class
instanceKlass scala/reflect/api/Internals$ReificationSupportApi$SyntacticValEqExtractor
instanceKlass scala/reflect/api/Internals$ReificationSupportApi$SyntacticImportExtractor
instanceKlass scala/reflect/api/Internals$ReificationSupportApi$SyntacticNewExtractor
instanceKlass scala/reflect/api/Internals$ReificationSupportApi$SyntacticValFromExtractor
instanceKlass scala/reflect/api/Internals$ReificationSupportApi$SyntacticTryExtractor
instanceKlass scala/reflect/api/Internals$ReificationSupportApi$SyntacticMatchExtractor
instanceKlass scala/reflect/api/Internals$ReificationSupportApi$FlagsReprExtractor
instanceKlass scala/reflect/api/Internals$ReificationSupportApi$SyntacticAppliedExtractor
instanceKlass scala/reflect/api/Internals$ReificationSupportApi$SyntacticAssignExtractor
instanceKlass scala/reflect/api/Internals$ReificationSupportApi$SyntacticDefDefExtractor
instanceKlass scala/reflect/api/Internals$ReificationSupportApi$SyntacticValDefExtractor
instanceKlass scala/reflect/api/Internals$ReificationSupportApi$ScalaDotExtractor
instanceKlass scala/reflect/api/Internals$ReificationSupportApi$SyntacticPatDefExtractor
instanceKlass scala/reflect/api/Internals$ReificationSupportApi$ImplicitParamsExtractor
instanceKlass scala/reflect/api/Internals$ReificationSupportApi$SyntacticBlockExtractor
instanceKlass scala/reflect/api/Internals$ReificationSupportApi$SyntacticFilterExtractor
instanceKlass scala/reflect/api/Internals$ReificationSupportApi$SyntacticSelectTermExtractor
instanceKlass scala/reflect/api/Internals$ReificationSupportApi$UnliftListElementwise
instanceKlass scala/reflect/api/Internals$ReificationSupportApi$SyntacitcSingletonTypeExtractor
instanceKlass scala/reflect/api/Internals$ReificationSupportApi$SyntacticCompoundTypeExtractor
instanceKlass scala/reflect/api/Internals$ReificationSupportApi$SyntacticPartialFunctionExtractor
instanceKlass scala/reflect/api/Internals$ReificationSupportApi$SyntacticTupleExtractor
instanceKlass scala/reflect/api/Internals$ReificationSupportApi$SyntacticFunctionTypeExtractor
instanceKlass scala/reflect/api/Internals$ReificationSupportApi$SyntacticTraitDefExtractor
instanceKlass scala/reflect/api/Internals$ReificationSupportApi$UnliftListOfListsElementwise
instanceKlass scala/reflect/api/Internals$ReificationSupportApi$SyntacticTermIdentExtractor
instanceKlass scala/reflect/api/Internals$ReificationSupportApi$SyntacticObjectDefExtractor
instanceKlass scala/reflect/api/Internals$ReificationSupportApi$SyntacticExistentialTypeExtractor
instanceKlass scala/reflect/api/Internals$ReificationSupportApi$SyntacticAnnotatedTypeExtractor
instanceKlass scala/reflect/api/Internals$ReificationSupportApi$SyntacticTypeProjectionExtractor
instanceKlass scala/reflect/api/Internals$ReificationSupportApi$SyntacticSelectTypeExtractor
instanceKlass scala/reflect/api/Internals$ReificationSupportApi$SyntacticTypeIdentExtractor
instanceKlass scala/reflect/api/Internals$ReificationSupportApi$SyntacticForExtractor
instanceKlass scala/reflect/api/Internals$ReificationSupportApi$SyntacticTypeAppliedExtractor
instanceKlass scala/reflect/api/Internals$ReificationSupportApi$SyntacticEmptyTypeTreeExtractor
instanceKlass scala/reflect/api/Internals$ReificationSupportApi$SyntacticFunctionExtractor
instanceKlass scala/reflect/api/Internals$ReificationSupportApi$SyntacticPackageObjectDefExtractor
instanceKlass scala/reflect/api/Internals$ReificationSupportApi$SyntacticClassDefExtractor
instanceKlass scala/reflect/internal/ReificationSupport$ReificationSupportImpl
instanceKlass scala/reflect/internal/ReificationSupport$class
instanceKlass scala/reflect/internal/StdCreators$class
instanceKlass scala/reflect/internal/StdAttachments$class
instanceKlass scala/reflect/internal/CapturedVariables$class
instanceKlass scala/reflect/internal/Required$class
instanceKlass scala/reflect/internal/Importers$class
instanceKlass scala/reflect/internal/TypeDebugging$class
instanceKlass scala/reflect/internal/util/DeprecatedPosition$class
instanceKlass scala/reflect/internal/util/InternalPositionImpl$class
instanceKlass scala/reflect/internal/util/SourceFile
instanceKlass scala/reflect/internal/Positions$PosAssigner
instanceKlass scala/reflect/internal/Positions$class
instanceKlass scala/reflect/internal/Printers$FootnoteIndex
instanceKlass scala/reflect/internal/Printers$TreePrinter
instanceKlass scala/reflect/internal/Printers$class
instanceKlass scala/reflect/internal/Trees$ImportSelector
instanceKlass scala/reflect/api/Trees$ImportSelectorApi
instanceKlass scala/reflect/internal/Trees$class
instanceKlass scala/reflect/internal/AnnotationCheckers$class
instanceKlass scala/reflect/internal/AnnotationInfos$AnnotationInfo
instanceKlass scala/reflect/api/Annotations$NestedArgumentApi
instanceKlass scala/reflect/api/Annotations$ArrayArgumentApi
instanceKlass scala/reflect/api/Annotations$LiteralArgumentApi
instanceKlass scala/reflect/internal/AnnotationInfos$ClassfileAnnotArg
instanceKlass scala/reflect/api/Annotations$JavaArgumentApi
instanceKlass scala/reflect/internal/Trees$TypTree
instanceKlass scala/reflect/internal/AnnotationInfos$class
instanceKlass scala/reflect/internal/Names$NameOps
instanceKlass scala/reflect/internal/StdNames$JavaKeywords
instanceKlass scala/reflect/NameTransformer$OpCodes
instanceKlass scala/reflect/NameTransformer$
instanceKlass scala/reflect/internal/StdNames$KeywordSetBuilder
instanceKlass scala/reflect/internal/StdNames$CommonNames
instanceKlass scala/reflect/internal/StdNames$SymbolNames
instanceKlass scala/reflect/internal/StdNames$class
instanceKlass scala/reflect/internal/transform/Transforms$Lazy
instanceKlass scala/reflect/internal/transform/Transforms$class
instanceKlass scala/reflect/internal/InfoTransformers$class
instanceKlass scala/collection/BitSet$class
instanceKlass scala/collection/BitSetLike$class
instanceKlass scala/collection/mutable/SortedSet$class
instanceKlass scala/collection/SortedSet$class
instanceKlass scala/collection/SortedSetLike$class
instanceKlass scala/collection/generic/Sorted$class
instanceKlass scala/collection/BitSet
instanceKlass scala/collection/BitSetLike
instanceKlass scala/collection/mutable/SortedSet
instanceKlass scala/collection/SortedSet
instanceKlass scala/collection/SortedSetLike
instanceKlass scala/collection/generic/Sorted
instanceKlass scala/reflect/runtime/SynchronizedOps$SynchronizedBaseTypeSeq
instanceKlass scala/reflect/internal/BaseTypeSeqs$BaseTypeSeq
instanceKlass scala/reflect/runtime/SynchronizedOps$class
instanceKlass scala/runtime/IntRef
instanceKlass scala/reflect/internal/BaseTypeSeqs$class
instanceKlass scala/reflect/internal/Constants$class
instanceKlass scala/reflect/macros/Attachments
instanceKlass scala/reflect/internal/util/DeprecatedPosition
instanceKlass scala/reflect/internal/util/InternalPositionImpl
instanceKlass scala/reflect/internal/Definitions$class
instanceKlass scala/reflect/internal/Mirrors$class
instanceKlass scala/reflect/internal/Scopes$class
instanceKlass scala/reflect/api/FlagSets$FlagOps
instanceKlass scala/reflect/internal/FlagSets$class
instanceKlass scala/reflect/internal/ExistentialsAndSkolems$class
instanceKlass scala/reflect/internal/Kinds$KindErrors
instanceKlass scala/reflect/internal/Kinds$class
instanceKlass scala/reflect/internal/Variances$class
instanceKlass scala/reflect/api/Types$ThisTypeApi
instanceKlass scala/reflect/api/Types$SuperTypeApi
instanceKlass scala/reflect/api/Types$SingleTypeApi
instanceKlass scala/reflect/api/Types$ConstantTypeApi
instanceKlass scala/reflect/api/Types$BoundedWildcardTypeApi
instanceKlass scala/reflect/api/Types$RefinedTypeApi
instanceKlass scala/reflect/api/Types$ClassInfoTypeApi
instanceKlass scala/reflect/api/Types$CompoundTypeApi
instanceKlass scala/reflect/api/Types$ExistentialTypeApi
instanceKlass scala/reflect/api/Types$AnnotatedTypeApi
instanceKlass scala/reflect/internal/Types$RewrappingTypeProxy
instanceKlass scala/reflect/internal/Types$class
instanceKlass scala/reflect/internal/tpe/FindMembers$class
instanceKlass scala/reflect/internal/tpe/TypeConstraints$class
instanceKlass scala/reflect/internal/tpe/TypeMaps$TypeMap
instanceKlass scala/reflect/internal/tpe/TypeMaps$class
instanceKlass scala/reflect/internal/Depth$
instanceKlass scala/reflect/runtime/Settings$IntSetting
instanceKlass scala/reflect/internal/settings/MutableSettings$SettingValue$class
instanceKlass scala/reflect/runtime/Settings$BooleanSetting
instanceKlass scala/reflect/runtime/Settings$Setting
instanceKlass scala/reflect/internal/settings/AbsSettings$class
instanceKlass scala/reflect/internal/settings/MutableSettings$SettingValue
instanceKlass scala/reflect/internal/settings/AbsSettings$AbsSettingValue
instanceKlass scala/reflect/api/Types$TypeBoundsApi
instanceKlass scala/reflect/api/Types$NullaryMethodTypeApi
instanceKlass scala/Function3
instanceKlass scala/reflect/internal/tpe/GlbLubs$class
instanceKlass scala/reflect/internal/tpe/CommonOwners$class
instanceKlass scala/reflect/internal/tpe/TypeToStrings$class
instanceKlass scala/collection/mutable/FlatHashTable$
instanceKlass scala/collection/mutable/FlatHashTable$class
instanceKlass scala/collection/mutable/FlatHashTable$HashUtils$class
instanceKlass scala/collection/mutable/FlatHashTable
instanceKlass scala/collection/mutable/FlatHashTable$HashUtils
instanceKlass scala/reflect/api/Types$SingletonTypeApi
instanceKlass scala/reflect/internal/Types$SimpleTypeProxy
instanceKlass scala/reflect/api/Types$TypeRefApi
instanceKlass scala/reflect/internal/tpe/TypeComparers$class
instanceKlass scala/reflect/internal/Symbols$SymbolOps
instanceKlass scala/reflect/internal/util/Statistics$Quantity$class
instanceKlass scala/reflect/internal/util/Statistics$View
instanceKlass scala/reflect/internal/util/Statistics$Counter
instanceKlass scala/reflect/internal/util/Statistics$SubQuantity
instanceKlass scala/reflect/internal/util/Statistics$Timer
instanceKlass scala/reflect/internal/util/Statistics$Quantity
instanceKlass scala/reflect/internal/util/Statistics$
instanceKlass scala/reflect/api/Internals$FreeTypeSymbolApi
instanceKlass scala/reflect/api/Internals$FreeTermSymbolApi
instanceKlass scala/reflect/internal/Symbols$FreeSymbol
instanceKlass scala/reflect/api/Symbols$MethodSymbolApi
instanceKlass scala/reflect/internal/SymbolTable$perRunCaches$
instanceKlass scala/reflect/api/Symbols$ClassSymbolApi
instanceKlass scala/reflect/api/Symbols$ModuleSymbolApi
instanceKlass scala/reflect/api/Symbols$TermSymbolApi
instanceKlass scala/reflect/internal/Symbols$class
instanceKlass scala/reflect/internal/Names$class
instanceKlass scala/reflect/internal/util/Collections$class
instanceKlass scala/reflect/api/Internals$class
instanceKlass scala/reflect/api/Quasiquotes$class
instanceKlass scala/reflect/api/Liftables$class
instanceKlass scala/reflect/api/Printers$class
instanceKlass scala/reflect/api/Mirrors$class
instanceKlass scala/reflect/api/StandardLiftables$class
instanceKlass scala/reflect/api/StandardNames$class
instanceKlass scala/reflect/api/StandardDefinitions$class
instanceKlass scala/reflect/api/TypeTags$class
instanceKlass scala/reflect/api/Exprs$class
instanceKlass scala/reflect/api/Annotations$class
instanceKlass scala/reflect/api/Constants$class
instanceKlass scala/reflect/internal/Trees$CannotHaveAttrs
instanceKlass scala/reflect/internal/Trees$TreeContextApiImpl
instanceKlass scala/reflect/internal/Trees$TermTree
instanceKlass scala/reflect/api/Trees$LabelDefApi
instanceKlass scala/reflect/api/Trees$TypeApplyApi
instanceKlass scala/reflect/api/Trees$TypedApi
instanceKlass scala/reflect/api/Trees$ReturnApi
instanceKlass scala/reflect/api/Trees$MatchApi
instanceKlass scala/reflect/api/Trees$IfApi
instanceKlass scala/reflect/api/Trees$AlternativeApi
instanceKlass scala/reflect/api/Trees$ImportApi
instanceKlass scala/reflect/api/Trees$ClassDefApi
instanceKlass scala/reflect/api/Trees$TypeDefApi
instanceKlass scala/reflect/api/Trees$NewApi
instanceKlass scala/reflect/api/Trees$AssignApi
instanceKlass scala/reflect/api/Trees$UnApplyApi
instanceKlass scala/reflect/api/Trees$ModuleDefApi
instanceKlass scala/reflect/api/Trees$ImplDefApi
instanceKlass scala/reflect/internal/Trees$RefTree
instanceKlass scala/reflect/internal/Trees$NameTree
instanceKlass scala/reflect/api/Trees$StarApi
instanceKlass scala/reflect/api/Trees$FunctionApi
instanceKlass scala/reflect/api/Trees$DefDefApi
instanceKlass scala/reflect/api/Trees$ModifiersApi
instanceKlass scala/reflect/api/Trees$AssignOrNamedArgApi
instanceKlass scala/reflect/api/Trees$PackageDefApi
instanceKlass scala/reflect/api/Internals$ReferenceToBoxedApi
instanceKlass scala/reflect/api/Trees$LiteralApi
instanceKlass scala/reflect/api/Constants$ConstantApi
instanceKlass scala/reflect/api/Trees$AnnotatedApi
instanceKlass scala/reflect/api/Trees$AppliedTypeTreeApi
instanceKlass scala/reflect/api/Trees$TypeBoundsTreeApi
instanceKlass scala/reflect/api/Trees$CompoundTypeTreeApi
instanceKlass scala/reflect/api/Trees$TemplateApi
instanceKlass scala/reflect/api/Trees$SuperApi
instanceKlass scala/reflect/api/Trees$ThisApi
instanceKlass scala/reflect/api/Trees$SelectFromTypeTreeApi
instanceKlass scala/reflect/api/Trees$ExistentialTypeTreeApi
instanceKlass scala/reflect/api/Trees$SingletonTypeTreeApi
instanceKlass scala/reflect/api/Trees$class
instanceKlass scala/reflect/api/Names$class
instanceKlass scala/reflect/api/Scopes$class
instanceKlass scala/reflect/api/FlagSets$class
instanceKlass scala/reflect/api/Types$class
instanceKlass scala/reflect/api/Symbols$class
instanceKlass scala/reflect/internal/Reporter
instanceKlass scala/reflect/internal/Reporting$PerRunReportingBase
instanceKlass scala/reflect/runtime/SynchronizedOps$SynchronizedScope
instanceKlass scala/reflect/internal/Scopes$Scope
instanceKlass scala/reflect/api/Scopes$MemberScopeApi
instanceKlass scala/reflect/api/Scopes$ScopeApi
instanceKlass scala/reflect/internal/TreeInfo
instanceKlass scala/reflect/internal/Reporting$RunReporting
instanceKlass scala/reflect/api/Mirror
instanceKlass scala/reflect/api/JavaUniverse$JavaMirror
instanceKlass scala/reflect/api/Mirrors$RuntimeMirror
instanceKlass scala/reflect/api/Mirrors$ReflectiveMirror
instanceKlass scala/reflect/internal/settings/MutableSettings
instanceKlass scala/reflect/internal/settings/AbsSettings
instanceKlass scala/reflect/macros/Universe$MacroInternalApi
instanceKlass scala/reflect/api/Trees$TreeCopierOps
instanceKlass scala/reflect/api/Trees$ImportSelectorExtractor
instanceKlass scala/reflect/api/Trees$LabelDefExtractor
instanceKlass scala/reflect/api/Trees$TypeApplyExtractor
instanceKlass scala/reflect/api/Trees$TypedExtractor
instanceKlass scala/reflect/api/Trees$ThrowApi
instanceKlass scala/reflect/api/Trees$ThrowExtractor
instanceKlass scala/reflect/api/Trees$TryApi
instanceKlass scala/reflect/api/Trees$TryExtractor
instanceKlass scala/reflect/api/Trees$ReturnExtractor
instanceKlass scala/reflect/api/Trees$MatchExtractor
instanceKlass scala/reflect/api/Trees$IfExtractor
instanceKlass scala/reflect/api/Trees$AlternativeExtractor
instanceKlass scala/reflect/api/Trees$TemplateExtractor
instanceKlass scala/reflect/api/Trees$ImportExtractor
instanceKlass scala/reflect/api/Trees$ClassDefExtractor
instanceKlass scala/reflect/api/Trees$TypeDefExtractor
instanceKlass scala/reflect/api/Trees$NewExtractor
instanceKlass scala/reflect/api/Trees$AssignExtractor
instanceKlass scala/reflect/api/Trees$UnApplyExtractor
instanceKlass scala/reflect/api/Trees$ModuleDefExtractor
instanceKlass scala/reflect/api/Trees$RefTreeExtractor
instanceKlass scala/reflect/api/Trees$BindApi
instanceKlass scala/reflect/api/Trees$BindExtractor
instanceKlass scala/reflect/api/Trees$StarExtractor
instanceKlass scala/reflect/api/Trees$FunctionExtractor
instanceKlass scala/reflect/api/Trees$CaseDefApi
instanceKlass scala/reflect/api/Trees$CaseDefExtractor
instanceKlass scala/reflect/api/Trees$DefDefExtractor
instanceKlass scala/reflect/api/Trees$ValDefExtractor
instanceKlass scala/reflect/api/Trees$AssignOrNamedArgExtractor
instanceKlass scala/reflect/api/Trees$PackageDefExtractor
instanceKlass scala/reflect/api/Trees$ApplyExtractor
instanceKlass scala/reflect/api/Annotations$ArrayArgumentExtractor
instanceKlass scala/reflect/api/Annotations$NestedArgumentExtractor
instanceKlass scala/reflect/api/Annotations$LiteralArgumentExtractor
instanceKlass scala/reflect/api/Position
instanceKlass scala/reflect/api/Internals$InternalApi
instanceKlass scala/reflect/api/Names$TypeNameExtractor
instanceKlass scala/reflect/api/Internals$ReferenceToBoxedExtractor
instanceKlass scala/reflect/internal/Symbols$SymbolContextApiImpl
instanceKlass scala/reflect/internal/StdAttachments$Attachable
instanceKlass scala/reflect/internal/HasFlags
instanceKlass scala/reflect/api/Types$SingleTypeExtractor
instanceKlass scala/reflect/api/Trees$LiteralExtractor
instanceKlass scala/reflect/api/Trees$IdentApi
instanceKlass scala/reflect/api/Trees$IdentExtractor
instanceKlass scala/reflect/api/Types$ClassInfoTypeExtractor
instanceKlass scala/reflect/api/StandardDefinitions$DefinitionsApi
instanceKlass scala/reflect/api/StandardDefinitions$StandardTypes
instanceKlass scala/reflect/api/Names$TermNameExtractor
instanceKlass scala/reflect/api/Types$ThisTypeExtractor
instanceKlass scala/reflect/api/Types$TypeRefExtractor
instanceKlass scala/reflect/api/Types$PolyTypeApi
instanceKlass scala/reflect/api/Types$MethodTypeApi
instanceKlass scala/reflect/api/Names$TypeNameApi
instanceKlass scala/reflect/api/Annotations$AnnotationExtractor
instanceKlass scala/reflect/api/StandardNames$TermNamesApi
instanceKlass scala/reflect/api/FlagSets$FlagValues
instanceKlass scala/reflect/api/Constants$ConstantExtractor
instanceKlass scala/reflect/api/Annotations$AnnotationApi
instanceKlass scala/reflect/api/StandardNames$TypeNamesApi
instanceKlass scala/reflect/api/StandardNames$NamesApi
instanceKlass scala/reflect/api/Trees$ApplyApi
instanceKlass scala/reflect/api/Trees$GenericApplyApi
instanceKlass scala/reflect/api/Trees$ValDefApi
instanceKlass scala/reflect/api/Trees$ValOrDefDefApi
instanceKlass scala/reflect/api/Trees$MemberDefApi
instanceKlass scala/reflect/api/Trees$DefTreeApi
instanceKlass scala/reflect/api/Trees$ModifiersExtractor
instanceKlass scala/reflect/api/Trees$AnnotatedExtractor
instanceKlass scala/reflect/api/Trees$AppliedTypeTreeExtractor
instanceKlass scala/reflect/api/Trees$TypeTreeApi
instanceKlass scala/reflect/api/Trees$TypTreeApi
instanceKlass scala/reflect/api/Trees$TypeTreeExtractor
instanceKlass scala/reflect/api/Trees$TypeBoundsTreeExtractor
instanceKlass scala/reflect/api/Trees$CompoundTypeTreeExtractor
instanceKlass scala/reflect/api/Types$AnnotatedTypeExtractor
instanceKlass scala/reflect/api/Types$TypeBoundsExtractor
instanceKlass scala/reflect/api/Types$MethodTypeExtractor
instanceKlass scala/reflect/api/Symbols$TypeSymbolApi
instanceKlass scala/reflect/api/Symbols$SymbolApi
instanceKlass scala/reflect/api/Trees$SuperExtractor
instanceKlass scala/reflect/api/Types$ExistentialTypeExtractor
instanceKlass scala/reflect/api/Types$PolyTypeExtractor
instanceKlass scala/reflect/api/Types$ConstantTypeExtractor
instanceKlass scala/reflect/api/Types$SuperTypeExtractor
instanceKlass scala/reflect/api/Types$RefinedTypeExtractor
instanceKlass scala/reflect/api/Trees$SelectExtractor
instanceKlass scala/reflect/api/Trees$SelectApi
instanceKlass scala/reflect/api/Trees$RefTreeApi
instanceKlass scala/reflect/api/Trees$NameTreeApi
instanceKlass scala/reflect/api/Trees$SymTreeApi
instanceKlass scala/reflect/internal/AnnotationInfos$Annotatable
instanceKlass scala/reflect/api/Types$TypeApi
instanceKlass scala/reflect/api/Trees$ThisExtractor
instanceKlass scala/reflect/api/Types$NullaryMethodTypeExtractor
instanceKlass scala/reflect/api/Types$BoundedWildcardTypeExtractor
instanceKlass scala/reflect/api/Names$TermNameApi
instanceKlass scala/reflect/api/Names$NameApi
instanceKlass scala/reflect/api/Trees$SelectFromTypeTreeExtractor
instanceKlass scala/reflect/api/Trees$ExistentialTypeTreeExtractor
instanceKlass scala/reflect/api/Trees$SingletonTypeTreeExtractor
instanceKlass scala/reflect/api/Printers$TreePrinter
instanceKlass scala/reflect/api/Internals$CompatApi
instanceKlass scala/reflect/api/Internals$ReificationSupportApi
instanceKlass scala/reflect/api/Trees$BlockExtractor
instanceKlass scala/reflect/api/Trees$BlockApi
instanceKlass scala/reflect/api/Trees$TermTreeApi
instanceKlass scala/reflect/api/Trees$TreeApi
instanceKlass scala/reflect/internal/InfoTransformers$InfoTransformer
instanceKlass scala/reflect/internal/Phase
instanceKlass scala/reflect/internal/TreeGen
instanceKlass scala/reflect/api/Universe
instanceKlass scala/reflect/api/Quasiquotes
instanceKlass scala/reflect/api/Liftables
instanceKlass scala/reflect/api/StandardLiftables
instanceKlass scala/reflect/api/StandardNames
instanceKlass scala/reflect/api/ImplicitTags
instanceKlass scala/reflect/api/TypeTags
instanceKlass scala/reflect/api/Exprs
instanceKlass sun/security/ssl/SecureKey
instanceKlass scala/reflect/internal/Reporting
instanceKlass scala/reflect/internal/Internals
instanceKlass scala/reflect/api/Internals
instanceKlass scala/reflect/internal/FreshNames
instanceKlass scala/reflect/internal/pickling/Translations
instanceKlass scala/reflect/internal/PrivateWithin
instanceKlass scala/reflect/internal/ReificationSupport
instanceKlass scala/reflect/internal/StdCreators
instanceKlass scala/reflect/internal/StdAttachments
instanceKlass scala/reflect/internal/CapturedVariables
instanceKlass scala/reflect/internal/Required
instanceKlass scala/reflect/internal/Importers
instanceKlass scala/reflect/internal/TypeDebugging
instanceKlass scala/reflect/internal/Positions
instanceKlass scala/reflect/api/Positions
instanceKlass scala/reflect/internal/Printers
instanceKlass scala/reflect/api/Printers
instanceKlass scala/reflect/internal/Trees
instanceKlass scala/reflect/api/Trees
instanceKlass scala/reflect/internal/AnnotationCheckers
instanceKlass scala/reflect/internal/AnnotationInfos
instanceKlass scala/reflect/api/Annotations
instanceKlass scala/reflect/internal/StdNames
instanceKlass scala/reflect/internal/transform/Transforms
instanceKlass scala/reflect/internal/InfoTransformers
instanceKlass scala/reflect/internal/BaseTypeSeqs
instanceKlass scala/reflect/internal/Constants
instanceKlass scala/reflect/api/Constants
instanceKlass scala/reflect/internal/Definitions
instanceKlass scala/reflect/api/StandardDefinitions
instanceKlass scala/reflect/internal/Mirrors
instanceKlass scala/reflect/api/Mirrors
instanceKlass scala/reflect/internal/Scopes
instanceKlass scala/reflect/api/Scopes
instanceKlass scala/reflect/internal/FlagSets
instanceKlass scala/reflect/api/FlagSets
instanceKlass scala/reflect/internal/ExistentialsAndSkolems
instanceKlass scala/reflect/internal/Kinds
instanceKlass scala/reflect/internal/Variances
instanceKlass scala/reflect/internal/Names
instanceKlass scala/reflect/api/Names
instanceKlass scala/reflect/runtime/SymbolTable
instanceKlass scala/reflect/runtime/ThreadLocalStorage
instanceKlass scala/reflect/runtime/Gil
instanceKlass scala/reflect/runtime/SynchronizedOps
instanceKlass scala/reflect/runtime/SynchronizedTypes
instanceKlass scala/reflect/internal/Types
instanceKlass scala/reflect/internal/util/Collections
instanceKlass scala/reflect/internal/tpe/FindMembers
instanceKlass scala/reflect/internal/tpe/TypeConstraints
instanceKlass scala/reflect/internal/tpe/TypeMaps
instanceKlass scala/reflect/internal/tpe/GlbLubs
instanceKlass scala/reflect/internal/tpe/CommonOwners
instanceKlass scala/reflect/internal/tpe/TypeToStrings
instanceKlass scala/reflect/internal/tpe/TypeComparers
instanceKlass scala/reflect/api/Types
instanceKlass scala/reflect/runtime/SynchronizedSymbols
instanceKlass scala/reflect/internal/Symbols
instanceKlass scala/reflect/api/Symbols
instanceKlass scala/reflect/runtime/SymbolLoaders
instanceKlass scala/reflect/runtime/JavaMirrors
instanceKlass scala/reflect/runtime/TwoWayCaches
instanceKlass scala/reflect/runtime/ReflectSetup
instanceKlass scala/reflect/runtime/JavaUniverseForce
instanceKlass scala/reflect/api/JavaUniverse
instanceKlass scala/reflect/runtime/package$
instanceKlass org/labrad/Reflect$
instanceKlass scala/collection/mutable/LinkedListLike$class
instanceKlass scala/collection/mutable/LinkedListLike
instanceKlass scala/collection/mutable/LinearSeq$class
instanceKlass scala/collection/mutable/LinearSeq
instanceKlass scala/concurrent/impl/Promise$
instanceKlass scala/concurrent/impl/Promise$KeptPromise
instanceKlass scala/concurrent/Future$
instanceKlass org/labrad/util/AsyncSemaphore$
instanceKlass org/labrad/util/AsyncSemaphore
instanceKlass java/util/concurrent/SynchronousQueue$TransferStack$SNode
instanceKlass java/util/concurrent/SynchronousQueue$Transferer
instanceKlass org/labrad/concurrent/ExecutionContexts$$anon$1
instanceKlass org/labrad/concurrent/ExecutionContexts$
instanceKlass scala/Function4
instanceKlass scala/reflect/api/TypeCreator
instanceKlass org/labrad/registry/Registry
instanceKlass scala/Function0$mcJ$sp$class
instanceKlass scala/Function0$mcJ$sp
instanceKlass org/labrad/registry/Registry$
instanceKlass org/labrad/manager/ServerActor
instanceKlass org/labrad/manager/ClientActor
instanceKlass org/labrad/manager/LocalServer
instanceKlass org/labrad/TlsMode$STARTTLS$
instanceKlass org/labrad/ServerConfig$Defaults$
instanceKlass org/labrad/ServerConfig$Options
instanceKlass org/labrad/ServerConfig$
instanceKlass org/labrad/Password
instanceKlass org/labrad/ServerConfig
instanceKlass org/labrad/manager/StatsTrackerImpl$ConnStatsMutable$
instanceKlass org/labrad/manager/StatsTrackerImpl$ConnStatsMutable
instanceKlass org/labrad/manager/AuthServiceImpl
instanceKlass org/labrad/manager/Messager$class
instanceKlass org/labrad/manager/MessagerImpl
instanceKlass scala/concurrent/impl/Promise$class
instanceKlass scala/concurrent/Future$class
instanceKlass scala/concurrent/Promise$class
instanceKlass scala/concurrent/impl/AbstractPromise
instanceKlass scala/concurrent/impl/Promise
instanceKlass scala/concurrent/Future
instanceKlass scala/concurrent/Awaitable
instanceKlass scala/concurrent/Promise
instanceKlass scala/concurrent/Promise$
instanceKlass org/labrad/util/Counter
instanceKlass scala/concurrent/forkjoin/ForkJoinPool$DefaultForkJoinWorkerThreadFactory
instanceKlass scala/concurrent/forkjoin/ForkJoinPool$WorkQueue
instanceKlass scala/concurrent/util/Unsafe
instanceKlass scala/concurrent/BlockContext
instanceKlass scala/concurrent/impl/ExecutionContextImpl$DefaultThreadFactory
instanceKlass java/lang/StrictMath
instanceKlass scala/runtime/RichDouble$
instanceKlass scala/concurrent/impl/ExecutionContextImpl$$anon$3
instanceKlass scala/concurrent/ExecutionContext$class
instanceKlass scala/concurrent/forkjoin/ForkJoinPool$ForkJoinWorkerThreadFactory
instanceKlass scala/concurrent/forkjoin/ForkJoinTask
instanceKlass scala/concurrent/ExecutionContextExecutorService
instanceKlass scala/concurrent/impl/ExecutionContextImpl
instanceKlass scala/concurrent/impl/ExecutionContextImpl$
instanceKlass scala/concurrent/ExecutionContext$Implicits$
instanceKlass scala/concurrent/ExecutionContextExecutor
instanceKlass scala/concurrent/ExecutionContext$
instanceKlass org/labrad/manager/Message
instanceKlass org/labrad/manager/HubImpl
instanceKlass org/labrad/manager/StatsTrackerImpl
instanceKlass io/netty/util/concurrent/MultithreadEventExecutorGroup$1
instanceKlass io/netty/util/concurrent/DefaultEventExecutorChooserFactory$PowerOfTowEventExecutorChooser
instanceKlass sun/nio/ch/OptionKey
instanceKlass sun/nio/ch/SocketOptionRegistry$LazyInitialization
instanceKlass sun/nio/ch/SocketOptionRegistry$RegistryKey
instanceKlass sun/nio/ch/SocketOptionRegistry
instanceKlass sun/nio/ch/ExtendedSocketOption$1
instanceKlass sun/nio/ch/ExtendedSocketOption
instanceKlass sun/nio/ch/SocketChannelImpl$DefaultOptionsHolder
instanceKlass java/net/Socket
instanceKlass sun/net/NetHooks
instanceKlass sun/misc/FloatingDecimal$ASCIIToBinaryBuffer
instanceKlass java/net/PlainSocketImpl$1
instanceKlass java/net/StandardSocketOptions$StdSocketOption
instanceKlass java/net/StandardSocketOptions
instanceKlass java/net/AbstractPlainSocketImpl$1
instanceKlass java/net/SocketImpl
instanceKlass java/net/SocketOptions
instanceKlass java/net/SocksConsts
instanceKlass java/net/ServerSocket
instanceKlass sun/nio/ch/Net$3
instanceKlass sun/nio/ch/Net$4
instanceKlass jdk/net/ExtendedSocketOptions$PlatformSocketOptions$1
instanceKlass jdk/net/ExtendedSocketOptions$PlatformSocketOptions
instanceKlass jdk/net/SocketFlow
instanceKlass jdk/net/ExtendedSocketOptions$ExtSocketOption
instanceKlass java/net/SocketOption
instanceKlass jdk/net/ExtendedSocketOptions
instanceKlass sun/net/ExtendedSocketOptions
instanceKlass sun/nio/ch/Net$1
instanceKlass java/net/ProtocolFamily
instanceKlass sun/nio/ch/Net
instanceKlass java/net/InetSocketAddress$InetSocketAddressHolder
instanceKlass sun/nio/ch/SelChImpl
instanceKlass java/nio/channels/NetworkChannel
instanceKlass sun/nio/ch/PipeImpl$Initializer$LoopbackConnector
instanceKlass sun/nio/ch/PipeImpl$Initializer
instanceKlass java/nio/channels/Pipe
instanceKlass sun/nio/ch/NativeObject
instanceKlass sun/nio/ch/PollArrayWrapper
instanceKlass sun/nio/ch/WindowsSelectorImpl$FinishLock
instanceKlass sun/nio/ch/WindowsSelectorImpl$StartLock
instanceKlass sun/nio/ch/WindowsSelectorImpl$SubSelector
instanceKlass java/nio/channels/SelectionKey
instanceKlass sun/nio/ch/Util$3
instanceKlass io/netty/channel/nio/NioEventLoop$2
instanceKlass io/netty/channel/nio/NioEventLoop$1
instanceKlass io/netty/util/internal/MpscLinkedQueueNode
instanceKlass io/netty/util/internal/MpscLinkedQueuePad0
instanceKlass io/netty/channel/DefaultSelectStrategy
instanceKlass io/netty/channel/SelectStrategy
instanceKlass java/util/concurrent/Semaphore
instanceKlass io/netty/util/concurrent/SingleThreadEventExecutor$2
instanceKlass io/netty/util/concurrent/SingleThreadEventExecutor$1
instanceKlass java/nio/channels/Selector
instanceKlass io/netty/util/IntSupplier
instanceKlass io/netty/channel/ChannelPromise
instanceKlass io/netty/channel/ChannelFuture
instanceKlass io/netty/util/concurrent/ThreadProperties
instanceKlass io/netty/util/concurrent/GlobalEventExecutor$TaskRunner
instanceKlass io/netty/util/concurrent/DefaultThreadFactory
instanceKlass java/util/concurrent/Executors$RunnableAdapter
instanceKlass io/netty/util/concurrent/GlobalEventExecutor$1
instanceKlass java/util/concurrent/Callable
instanceKlass io/netty/util/concurrent/ScheduledFuture
instanceKlass io/netty/util/concurrent/ProgressivePromise
instanceKlass io/netty/util/concurrent/ProgressiveFuture
instanceKlass java/util/concurrent/RunnableFuture
instanceKlass io/netty/util/concurrent/DefaultPromise$CauseHolder
instanceKlass io/netty/util/AbstractConstant
instanceKlass io/netty/util/ConstantPool
instanceKlass io/netty/util/Constant
instanceKlass io/netty/util/concurrent/AbstractFuture
instanceKlass io/netty/util/concurrent/EventExecutorChooserFactory$EventExecutorChooser
instanceKlass io/netty/util/concurrent/DefaultEventExecutorChooserFactory
instanceKlass io/netty/util/concurrent/ThreadPerTaskExecutor
instanceKlass io/netty/channel/DefaultSelectStrategyFactory
instanceKlass io/netty/channel/SelectStrategyFactory
instanceKlass sun/nio/ch/DefaultSelectorProvider
instanceKlass java/nio/channels/spi/SelectorProvider$1
instanceKlass java/nio/channels/spi/SelectorProvider
instanceKlass io/netty/channel/EventLoop
instanceKlass io/netty/util/concurrent/EventExecutorChooserFactory
instanceKlass io/netty/util/concurrent/FutureListener
instanceKlass io/netty/util/concurrent/GenericFutureListener
instanceKlass io/netty/util/concurrent/Promise
instanceKlass io/netty/util/concurrent/Future
instanceKlass io/netty/util/concurrent/EventExecutor
instanceKlass java/util/concurrent/ScheduledFuture
instanceKlass java/util/concurrent/Delayed
instanceKlass java/util/concurrent/Future
instanceKlass io/netty/util/concurrent/AbstractEventExecutorGroup
instanceKlass org/labrad/util/NettyUtil$$anon$1
instanceKlass io/netty/channel/EventLoopGroup
instanceKlass io/netty/util/concurrent/EventExecutorGroup
instanceKlass java/util/concurrent/ScheduledExecutorService
instanceKlass org/labrad/util/NettyUtil$
instanceKlass org/labrad/manager/Listener$
instanceKlass org/labrad/manager/AuthService
instanceKlass org/labrad/manager/Messager
instanceKlass org/labrad/manager/Hub
instanceKlass org/labrad/manager/StatsTracker
instanceKlass scala/concurrent/ExecutionContext
instanceKlass org/labrad/manager/CentralNode
instanceKlass scala/math/Ordering$$anon$5
instanceKlass scala/math/Ordering$StringOrdering$class
instanceKlass scala/math/Ordering$String$
instanceKlass scala/math/Ordering$StringOrdering
instanceKlass scala/runtime/RichInt$
instanceKlass scala/collection/mutable/ArrayOps$ofByte$
instanceKlass scala/collection/mutable/ArrayBuilder$
instanceKlass scala/Array$$anon$2
instanceKlass scala/collection/mutable/ArrayOps$ofByte
instanceKlass org/bouncycastle/util/Pack
instanceKlass org/bouncycastle/asn1/ASN1OutputStream
instanceKlass org/bouncycastle/asn1/pkcs/PKCSObjectIdentifiers
instanceKlass org/bouncycastle/asn1/x509/X509ObjectIdentifiers
instanceKlass org/bouncycastle/asn1/x500/style/AbstractX500NameStyle
instanceKlass org/bouncycastle/asn1/x500/X500NameStyle
instanceKlass org/bouncycastle/asn1/ASN1SetParser
instanceKlass org/bouncycastle/asn1/ASN1SequenceParser
instanceKlass org/bouncycastle/asn1/DERFactory
instanceKlass org/bouncycastle/util/Arrays
instanceKlass org/bouncycastle/asn1/ASN1Choice
instanceKlass org/bouncycastle/util/io/Streams
instanceKlass org/bouncycastle/asn1/ASN1TaggedObjectParser
instanceKlass org/bouncycastle/asn1/ASN1StreamParser
instanceKlass org/bouncycastle/asn1/ASN1EncodableVector
instanceKlass org/bouncycastle/asn1/StreamUtil
instanceKlass org/bouncycastle/asn1/ASN1OctetStringParser
instanceKlass org/bouncycastle/asn1/InMemoryRepresentable
instanceKlass org/bouncycastle/asn1/ASN1String
instanceKlass org/bouncycastle/asn1/BERTags
instanceKlass org/bouncycastle/asn1/ASN1Object
instanceKlass org/bouncycastle/asn1/ASN1Encodable
instanceKlass org/bouncycastle/cert/X509CertificateHolder
instanceKlass org/bouncycastle/util/Encodable
instanceKlass org/bouncycastle/util/encoders/Base64Encoder
instanceKlass org/bouncycastle/util/encoders/Encoder
instanceKlass org/bouncycastle/util/encoders/Base64
instanceKlass org/bouncycastle/util/io/pem/PemObject
instanceKlass org/bouncycastle/util/io/pem/PemObjectGenerator
instanceKlass org/bouncycastle/crypto/digests/GeneralDigest
instanceKlass org/bouncycastle/util/Memoable
instanceKlass org/bouncycastle/crypto/ExtendedDigest
instanceKlass org/bouncycastle/crypto/digests/EncodableDigest
instanceKlass org/bouncycastle/crypto/Digest
instanceKlass org/labrad/manager/TlsHostConfig
instanceKlass scala/collection/TraversableLike$WithFilter
instanceKlass sun/nio/ch/Util$BufferCache
instanceKlass sun/nio/ch/Util$2
instanceKlass sun/nio/ch/Util
instanceKlass sun/nio/ch/IOStatus
instanceKlass sun/nio/ch/NativeThread
instanceKlass java/nio/channels/spi/AbstractInterruptibleChannel$1
instanceKlass sun/nio/ch/Interruptible
instanceKlass java/nio/channels/Channels
instanceKlass sun/nio/ch/FileDispatcherImpl$1
instanceKlass sun/nio/ch/NativeDispatcher
instanceKlass sun/nio/ch/NativeThreadSet
instanceKlass sun/nio/ch/IOUtil$1
instanceKlass sun/nio/ch/IOUtil
instanceKlass java/nio/channels/spi/AbstractInterruptibleChannel
instanceKlass java/nio/channels/InterruptibleChannel
instanceKlass java/nio/channels/ScatteringByteChannel
instanceKlass java/nio/channels/GatheringByteChannel
instanceKlass java/nio/channels/SeekableByteChannel
instanceKlass java/nio/channels/ByteChannel
instanceKlass java/nio/channels/WritableByteChannel
instanceKlass java/nio/channels/ReadableByteChannel
instanceKlass java/nio/channels/Channel
instanceKlass sun/nio/fs/WindowsChannelFactory$Flags
instanceKlass sun/nio/fs/WindowsChannelFactory$1
instanceKlass sun/nio/fs/WindowsChannelFactory
instanceKlass sun/nio/fs/WindowsSecurityDescriptor
instanceKlass java/nio/file/attribute/FileAttribute
instanceKlass java/nio/file/OpenOption
instanceKlass io/netty/util/DomainNameMapping
instanceKlass io/netty/util/Mapping
instanceKlass io/netty/util/DomainNameMappingBuilder
instanceKlass org/labrad/manager/TlsHostConfig$
instanceKlass io/netty/handler/ssl/JdkDefaultApplicationProtocolNegotiator$1
instanceKlass io/netty/handler/ssl/JdkApplicationProtocolNegotiator$SslEngineWrapperFactory
instanceKlass io/netty/handler/ssl/JdkDefaultApplicationProtocolNegotiator
instanceKlass sun/security/ssl/SunX509KeyManagerImpl$X509Credentials
instanceKlass javax/net/ssl/KeyManagerFactorySpi
instanceKlass javax/net/ssl/KeyManagerFactory
instanceKlass sun/security/pkcs/EncryptedPrivateKeyInfo
instanceKlass sun/security/provider/KeyProtector
instanceKlass sun/security/provider/JavaKeyStore$KeyEntry
instanceKlass javax/security/cert/Certificate
instanceKlass io/netty/util/internal/EmptyArrays
instanceKlass sun/security/ssl/SessionId
instanceKlass java/util/concurrent/ConcurrentLinkedQueue$Node
instanceKlass javax/net/ssl/ExtendedSSLSession
instanceKlass javax/net/ssl/SSLSession
instanceKlass sun/security/ssl/SSLConfiguration$CustomizedServerSignatureSchemes
instanceKlass javax/crypto/KeyGeneratorSpi
instanceKlass javax/crypto/KeyGenerator
instanceKlass sun/security/action/GetIntegerAction
instanceKlass sun/security/ssl/SSLConfiguration
instanceKlass sun/security/ssl/SSLCipher$SSLWriteCipher
instanceKlass sun/security/ssl/KeyUpdate$KeyUpdateProducer
instanceKlass sun/security/ssl/KeyUpdate$KeyUpdateConsumer
